2019-04-03 14:12:17,774 - logger.py - INFO 开始测试前的账号登陆准备
2019-04-03 14:12:17,962 - logger.py - INFO 登陆成功，使用账号：18358338888
2019-04-03 14:12:17,965 - logger.py - INFO 开始执行登记非拼团操作，使用数据{'isAutoSurvival': '2', 'enregisterShare': '10', 'productId': '21'}
2019-04-03 14:12:18,557 - logger.py - INFO 登记非拼团操作状态码200,返回数据为{"code":"000000","message":"请求成功","data":"1113323315994460162","sysMark":null}
2019-04-03 14:12:18,560 - logger.py - INFO 接口请求成功，状态码200
2019-04-03 14:12:18,564 - logger.py - INFO 开始校验登记结果
2019-04-03 14:12:18,568 - logger.py - INFO 登记非拼团操作成功
2019-04-03 14:12:18,572 - logger.py - INFO 开始执行数据库连接操作
2019-04-03 14:12:18,623 - logger.py - INFO 开始执行sql语句
2019-04-03 14:12:18,627 - logger.py - INFO 执行语句：DELETE FROM dy_project_product_enregister_info WHERE user_phone_show='183****8888'
2019-04-03 14:12:18,743 - logger.py - INFO 开始执行数据库连接操作
2019-04-03 14:12:18,790 - logger.py - INFO 开始执行sql语句
2019-04-03 14:12:18,794 - logger.py - INFO 执行语句：DELETE FROM dy_project_product_enregister_together_info WHERE originator_phone_show='183****8888'
2019-04-03 14:12:18,865 - logger.py - INFO 开始执行数据库连接操作
2019-04-03 14:12:18,908 - logger.py - INFO 开始执行sql语句
2019-04-03 14:12:18,912 - logger.py - INFO 执行语句：DELETE from dy_instation_message WHERE uid='1113280649072508930' AND title='产品登记'
2019-04-03 14:12:18,992 - logger.py - INFO 开始执行登记拼团操作，使用数据{'isAutoSurvival': '2', 'togetherId': '1113317082612793346', 'enregisterShare': '20', 'productId': '21'}
2019-04-03 14:12:19,370 - logger.py - INFO 登记拼团操作状态码200,返回数据为{"code":"000000","message":"请求成功","data":"1113317082612793346","sysMark":null}
2019-04-03 14:12:19,373 - logger.py - INFO 接口请求成功，状态码200
2019-04-03 14:12:19,377 - logger.py - INFO 开始校验登记结果
2019-04-03 14:12:19,380 - logger.py - INFO 登记拼团操作成功
2019-04-03 14:12:19,383 - logger.py - INFO 开始执行数据库连接操作
2019-04-03 14:12:19,435 - logger.py - INFO 开始执行sql语句
2019-04-03 14:12:19,441 - logger.py - INFO 执行语句：DELETE FROM dy_project_product_enregister_info WHERE user_phone_show='183****8888'
2019-04-03 14:12:19,517 - logger.py - INFO 开始执行数据库连接操作
2019-04-03 14:12:19,581 - logger.py - INFO 开始执行sql语句
2019-04-03 14:12:19,587 - logger.py - INFO 执行语句：DELETE FROM dy_project_product_enregister_together_info WHERE originator_phone_show='183****8888'
2019-04-03 14:12:19,608 - logger.py - INFO 开始执行数据库连接操作
2019-04-03 14:12:19,660 - logger.py - INFO 开始执行sql语句
2019-04-03 14:12:19,664 - logger.py - INFO 执行语句：DELETE from dy_instation_message WHERE uid='1113280649072508930' AND title='产品登记'
2019-04-03 14:19:00,785 - logger.py - INFO 开始测试前的账号登陆准备
2019-04-03 14:19:00,948 - logger.py - INFO 登陆成功，使用账号：18358338888
2019-04-03 14:19:00,956 - logger.py - INFO 开始执行登记非拼团操作，使用数据{'enregisterShare': '10', 'isAutoSurvival': '2', 'productId': '21'}
2019-04-03 14:19:01,158 - logger.py - INFO 登记非拼团操作状态码200,返回数据为{"code":"000000","message":"请求成功","data":"1113325006248640515","sysMark":null}
2019-04-03 14:19:01,162 - logger.py - INFO 接口请求成功，状态码200
2019-04-03 14:19:01,166 - logger.py - INFO 开始校验登记结果
2019-04-03 14:19:01,172 - logger.py - INFO 登记非拼团操作成功
2019-04-03 14:19:01,178 - logger.py - INFO 开始执行数据库连接操作
2019-04-03 14:19:01,205 - logger.py - INFO 数据库连接成功
2019-04-03 14:19:01,209 - logger.py - INFO 开始执行sql语句
2019-04-03 14:19:01,212 - logger.py - INFO 执行语句：DELETE FROM dy_project_product_enregister_info WHERE user_phone_show='183****8888'
2019-04-03 14:19:01,280 - logger.py - INFO 关闭数据库连接
2019-04-03 14:19:01,284 - logger.py - INFO 开始执行数据库连接操作
2019-04-03 14:19:01,307 - logger.py - INFO 数据库连接成功
2019-04-03 14:19:01,310 - logger.py - INFO 开始执行sql语句
2019-04-03 14:19:01,314 - logger.py - INFO 执行语句：DELETE FROM dy_project_product_enregister_together_info WHERE originator_phone_show='183****8888'
2019-04-03 14:19:01,354 - logger.py - INFO 关闭数据库连接
2019-04-03 14:19:01,360 - logger.py - INFO 开始执行数据库连接操作
2019-04-03 14:19:01,396 - logger.py - INFO 数据库连接成功
2019-04-03 14:19:01,400 - logger.py - INFO 开始执行sql语句
2019-04-03 14:19:01,404 - logger.py - INFO 执行语句：DELETE from dy_instation_message WHERE uid='1113280649072508930' AND title='产品登记'
2019-04-03 14:19:01,464 - logger.py - INFO 关闭数据库连接
2019-04-03 14:19:01,468 - logger.py - INFO 开始执行登记拼团操作，使用数据{'enregisterShare': '20', 'isAutoSurvival': '2', 'togetherId': '1113317082612793346', 'productId': '21'}
2019-04-03 14:19:01,662 - logger.py - INFO 登记拼团操作状态码:200,返回数据为{"code":"000000","message":"请求成功","data":"1113317082612793346","sysMark":null}
2019-04-03 14:19:01,666 - logger.py - INFO 接口请求成功
2019-04-03 14:19:01,669 - logger.py - INFO 登记拼团操作成功
2019-04-03 14:19:01,673 - logger.py - INFO 开始执行数据库连接操作
2019-04-03 14:19:01,703 - logger.py - INFO 数据库连接成功
2019-04-03 14:19:01,708 - logger.py - INFO 开始执行sql语句
2019-04-03 14:19:01,712 - logger.py - INFO 执行语句：DELETE FROM dy_project_product_enregister_info WHERE user_phone_show='183****8888'
2019-04-03 14:19:01,759 - logger.py - INFO 关闭数据库连接
2019-04-03 14:19:01,763 - logger.py - INFO 开始执行数据库连接操作
2019-04-03 14:19:01,787 - logger.py - INFO 数据库连接成功
2019-04-03 14:19:01,791 - logger.py - INFO 开始执行sql语句
2019-04-03 14:19:01,794 - logger.py - INFO 执行语句：DELETE FROM dy_project_product_enregister_together_info WHERE originator_phone_show='183****8888'
2019-04-03 14:19:01,812 - logger.py - INFO 关闭数据库连接
2019-04-03 14:19:01,816 - logger.py - INFO 开始执行数据库连接操作
2019-04-03 14:19:01,842 - logger.py - INFO 数据库连接成功
2019-04-03 14:19:01,846 - logger.py - INFO 开始执行sql语句
2019-04-03 14:19:01,850 - logger.py - INFO 执行语句：DELETE from dy_instation_message WHERE uid='1113280649072508930' AND title='产品登记'
2019-04-03 14:19:01,901 - logger.py - INFO 关闭数据库连接
2019-04-03 14:19:39,817 - logger.py - INFO 开始测试前的账号登陆准备
2019-04-03 14:19:39,949 - logger.py - INFO 登陆成功，使用账号：18358338888
2019-04-03 14:19:39,956 - logger.py - INFO 开始执行登记非拼团操作，使用数据{'productId': '21', 'isAutoSurvival': '2', 'enregisterShare': '10'}
2019-04-03 14:19:40,118 - logger.py - INFO 登记非拼团操作状态码200,返回数据为{"code":"000000","message":"请求成功","data":"1113325169822302211","sysMark":null}
2019-04-03 14:19:40,122 - logger.py - INFO 接口请求成功，状态码200
2019-04-03 14:19:40,127 - logger.py - INFO 开始校验登记结果
2019-04-03 14:19:40,132 - logger.py - INFO 登记非拼团操作成功
2019-04-03 14:19:40,135 - logger.py - INFO 开始执行数据库连接操作
2019-04-03 14:19:40,173 - logger.py - INFO 数据库连接成功
2019-04-03 14:19:40,177 - logger.py - INFO 开始执行sql语句
2019-04-03 14:19:40,181 - logger.py - INFO 执行语句：DELETE FROM dy_project_product_enregister_info WHERE user_phone_show='183****8888'
2019-04-03 14:19:40,225 - logger.py - INFO 关闭数据库连接
2019-04-03 14:19:40,232 - logger.py - INFO 开始执行数据库连接操作
2019-04-03 14:19:40,270 - logger.py - INFO 数据库连接成功
2019-04-03 14:19:40,273 - logger.py - INFO 开始执行sql语句
2019-04-03 14:19:40,276 - logger.py - INFO 执行语句：DELETE FROM dy_project_product_enregister_together_info WHERE originator_phone_show='183****8888'
2019-04-03 14:19:40,326 - logger.py - INFO 关闭数据库连接
2019-04-03 14:19:40,330 - logger.py - INFO 开始执行数据库连接操作
2019-04-03 14:19:40,356 - logger.py - INFO 数据库连接成功
2019-04-03 14:19:40,360 - logger.py - INFO 开始执行sql语句
2019-04-03 14:19:40,363 - logger.py - INFO 执行语句：DELETE from dy_instation_message WHERE uid='1113280649072508930' AND title='产品登记'
2019-04-03 14:19:40,399 - logger.py - INFO 关闭数据库连接
2019-04-03 14:19:40,403 - logger.py - INFO ===================================================================
2019-04-03 14:19:40,406 - logger.py - INFO 开始执行登记拼团操作，使用数据{'togetherId': '1113317082612793346', 'productId': '21', 'isAutoSurvival': '2', 'enregisterShare': '20'}
2019-04-03 14:19:40,573 - logger.py - INFO 登记拼团操作状态码:200,返回数据为{"code":"000000","message":"请求成功","data":"1113317082612793346","sysMark":null}
2019-04-03 14:19:40,577 - logger.py - INFO 接口请求成功
2019-04-03 14:19:40,581 - logger.py - INFO 登记拼团操作成功
2019-04-03 14:19:40,586 - logger.py - INFO 开始执行数据库连接操作
2019-04-03 14:19:40,619 - logger.py - INFO 数据库连接成功
2019-04-03 14:19:40,623 - logger.py - INFO 开始执行sql语句
2019-04-03 14:19:40,628 - logger.py - INFO 执行语句：DELETE FROM dy_project_product_enregister_info WHERE user_phone_show='183****8888'
2019-04-03 14:19:40,676 - logger.py - INFO 关闭数据库连接
2019-04-03 14:19:40,680 - logger.py - INFO 开始执行数据库连接操作
2019-04-03 14:19:40,706 - logger.py - INFO 数据库连接成功
2019-04-03 14:19:40,709 - logger.py - INFO 开始执行sql语句
2019-04-03 14:19:40,713 - logger.py - INFO 执行语句：DELETE FROM dy_project_product_enregister_together_info WHERE originator_phone_show='183****8888'
2019-04-03 14:19:40,731 - logger.py - INFO 关闭数据库连接
2019-04-03 14:19:40,736 - logger.py - INFO 开始执行数据库连接操作
2019-04-03 14:19:40,775 - logger.py - INFO 数据库连接成功
2019-04-03 14:19:40,778 - logger.py - INFO 开始执行sql语句
2019-04-03 14:19:40,783 - logger.py - INFO 执行语句：DELETE from dy_instation_message WHERE uid='1113280649072508930' AND title='产品登记'
2019-04-03 14:19:40,827 - logger.py - INFO 关闭数据库连接
2019-04-03 14:19:40,831 - logger.py - INFO ===================================================================
2019-04-03 14:19:54,719 - logger.py - INFO 开始测试前的账号登陆准备
2019-04-03 14:19:54,808 - logger.py - INFO 登陆成功，使用账号：18358338888
2019-04-03 14:19:54,812 - logger.py - INFO 开始执行登记非拼团操作，使用数据{'productId': '21', 'enregisterShare': '10', 'isAutoSurvival': '2'}
2019-04-03 14:19:55,248 - logger.py - INFO 登记非拼团操作状态码200,返回数据为{"code":"000000","message":"请求成功","data":"1113325232162242563","sysMark":null}
2019-04-03 14:19:55,251 - logger.py - INFO 接口请求成功，状态码200
2019-04-03 14:19:55,255 - logger.py - INFO 开始校验登记结果
2019-04-03 14:19:55,259 - logger.py - INFO 登记非拼团操作成功
2019-04-03 14:19:55,263 - logger.py - INFO 开始执行数据库连接操作
2019-04-03 14:19:55,296 - logger.py - INFO 数据库连接成功
2019-04-03 14:19:55,302 - logger.py - INFO 开始执行sql语句
2019-04-03 14:19:55,305 - logger.py - INFO 执行语句：DELETE FROM dy_project_product_enregister_info WHERE user_phone_show='183****8888'
2019-04-03 14:19:55,454 - logger.py - INFO 关闭数据库连接
2019-04-03 14:19:55,458 - logger.py - INFO 开始执行数据库连接操作
2019-04-03 14:19:55,485 - logger.py - INFO 数据库连接成功
2019-04-03 14:19:55,489 - logger.py - INFO 开始执行sql语句
2019-04-03 14:19:55,493 - logger.py - INFO 执行语句：DELETE FROM dy_project_product_enregister_together_info WHERE originator_phone_show='183****8888'
2019-04-03 14:19:55,538 - logger.py - INFO 关闭数据库连接
2019-04-03 14:19:55,541 - logger.py - INFO 开始执行数据库连接操作
2019-04-03 14:19:55,566 - logger.py - INFO 数据库连接成功
2019-04-03 14:19:55,570 - logger.py - INFO 开始执行sql语句
2019-04-03 14:19:55,574 - logger.py - INFO 执行语句：DELETE from dy_instation_message WHERE uid='1113280649072508930' AND title='产品登记'
2019-04-03 14:19:55,615 - logger.py - INFO 关闭数据库连接
2019-04-03 14:19:55,620 - logger.py - INFO ===================================================================================
2019-04-03 14:19:55,624 - logger.py - INFO 开始执行登记拼团操作，使用数据{'productId': '21', 'togetherId': '1113317082612793346', 'enregisterShare': '20', 'isAutoSurvival': '2'}
2019-04-03 14:19:55,878 - logger.py - INFO 登记拼团操作状态码:200,返回数据为{"code":"000000","message":"请求成功","data":"1113317082612793346","sysMark":null}
2019-04-03 14:19:55,882 - logger.py - INFO 接口请求成功
2019-04-03 14:19:55,886 - logger.py - INFO 登记拼团操作成功
2019-04-03 14:19:55,890 - logger.py - INFO 开始执行数据库连接操作
2019-04-03 14:19:55,925 - logger.py - INFO 数据库连接成功
2019-04-03 14:19:55,929 - logger.py - INFO 开始执行sql语句
2019-04-03 14:19:55,932 - logger.py - INFO 执行语句：DELETE FROM dy_project_product_enregister_info WHERE user_phone_show='183****8888'
2019-04-03 14:19:55,988 - logger.py - INFO 关闭数据库连接
2019-04-03 14:19:55,993 - logger.py - INFO 开始执行数据库连接操作
2019-04-03 14:19:56,018 - logger.py - INFO 数据库连接成功
2019-04-03 14:19:56,022 - logger.py - INFO 开始执行sql语句
2019-04-03 14:19:56,024 - logger.py - INFO 执行语句：DELETE FROM dy_project_product_enregister_together_info WHERE originator_phone_show='183****8888'
2019-04-03 14:19:56,038 - logger.py - INFO 关闭数据库连接
2019-04-03 14:19:56,041 - logger.py - INFO 开始执行数据库连接操作
2019-04-03 14:19:56,065 - logger.py - INFO 数据库连接成功
2019-04-03 14:19:56,069 - logger.py - INFO 开始执行sql语句
2019-04-03 14:19:56,072 - logger.py - INFO 执行语句：DELETE from dy_instation_message WHERE uid='1113280649072508930' AND title='产品登记'
2019-04-03 14:19:56,114 - logger.py - INFO 关闭数据库连接
2019-04-03 14:19:56,119 - logger.py - INFO ===================================================================================
2019-04-03 14:20:17,154 - logger.py - INFO 开始测试前的账号登陆准备
2019-04-03 14:20:17,281 - logger.py - INFO 登陆成功，使用账号：18358338888
2019-04-03 14:20:17,285 - logger.py - INFO 开始执行登记非拼团操作，使用数据{'enregisterShare': '10', 'productId': '21', 'isAutoSurvival': '2'}
2019-04-03 14:20:17,619 - logger.py - INFO 登记非拼团操作状态码200,返回数据为{"code":"000000","message":"请求成功","data":"1113325326475362307","sysMark":null}
2019-04-03 14:20:17,623 - logger.py - INFO 接口请求成功，状态码200
2019-04-03 14:20:17,626 - logger.py - INFO 开始校验登记结果
2019-04-03 14:20:17,629 - logger.py - INFO 登记非拼团操作成功
2019-04-03 14:20:47,632 - logger.py - INFO 开始执行数据库连接操作
2019-04-03 14:20:47,658 - logger.py - INFO 数据库连接成功
2019-04-03 14:20:47,662 - logger.py - INFO 开始执行sql语句
2019-04-03 14:20:47,665 - logger.py - INFO 执行语句：DELETE FROM dy_project_product_enregister_info WHERE user_phone_show='183****8888'
2019-04-03 14:20:47,712 - logger.py - INFO 关闭数据库连接
2019-04-03 14:20:47,718 - logger.py - INFO 开始执行数据库连接操作
2019-04-03 14:20:47,751 - logger.py - INFO 数据库连接成功
2019-04-03 14:20:47,755 - logger.py - INFO 开始执行sql语句
2019-04-03 14:20:47,758 - logger.py - INFO 执行语句：DELETE FROM dy_project_product_enregister_together_info WHERE originator_phone_show='183****8888'
2019-04-03 14:20:47,811 - logger.py - INFO 关闭数据库连接
2019-04-03 14:20:47,816 - logger.py - INFO 开始执行数据库连接操作
2019-04-03 14:20:47,840 - logger.py - INFO 数据库连接成功
2019-04-03 14:20:47,844 - logger.py - INFO 开始执行sql语句
2019-04-03 14:20:47,848 - logger.py - INFO 执行语句：DELETE from dy_instation_message WHERE uid='1113280649072508930' AND title='产品登记'
2019-04-03 14:20:47,886 - logger.py - INFO 关闭数据库连接
2019-04-03 14:20:47,897 - logger.py - INFO ===================================================================================
2019-04-03 14:20:47,901 - logger.py - INFO 开始执行登记拼团操作，使用数据{'enregisterShare': '20', 'productId': '21', 'isAutoSurvival': '2', 'togetherId': '1113317082612793346'}
2019-04-03 14:20:47,957 - logger.py - INFO 登记拼团操作状态码:200,返回数据为{"code":"910010","message":"拼团已约满，请拼团其他产品","data":null,"sysMark":"ProductSysMark"}
2019-04-03 14:20:47,961 - logger.py - INFO 接口请求成功
2019-04-03 14:21:17,965 - logger.py - INFO 开始执行数据库连接操作
2019-04-03 14:21:17,995 - logger.py - INFO 数据库连接成功
2019-04-03 14:21:17,999 - logger.py - INFO 开始执行sql语句
2019-04-03 14:21:18,002 - logger.py - INFO 执行语句：DELETE FROM dy_project_product_enregister_info WHERE user_phone_show='183****8888'
2019-04-03 14:21:18,031 - logger.py - INFO 关闭数据库连接
2019-04-03 14:21:18,035 - logger.py - INFO 开始执行数据库连接操作
2019-04-03 14:21:18,064 - logger.py - INFO 数据库连接成功
2019-04-03 14:21:18,067 - logger.py - INFO 开始执行sql语句
2019-04-03 14:21:18,071 - logger.py - INFO 执行语句：DELETE FROM dy_project_product_enregister_together_info WHERE originator_phone_show='183****8888'
2019-04-03 14:21:18,086 - logger.py - INFO 关闭数据库连接
2019-04-03 14:21:18,089 - logger.py - INFO 开始执行数据库连接操作
2019-04-03 14:21:18,116 - logger.py - INFO 数据库连接成功
2019-04-03 14:21:18,119 - logger.py - INFO 开始执行sql语句
2019-04-03 14:21:18,123 - logger.py - INFO 执行语句：DELETE from dy_instation_message WHERE uid='1113280649072508930' AND title='产品登记'
2019-04-03 14:21:18,137 - logger.py - INFO 关闭数据库连接
2019-04-03 14:21:18,140 - logger.py - INFO ===================================================================================
2019-04-03 14:28:51,864 - logger.py - INFO 开始测试前的账号登陆准备
2019-04-03 14:28:52,010 - logger.py - INFO 登陆成功，使用账号：18358338888
2019-04-03 14:28:52,014 - logger.py - INFO 开始执行登记非拼团操作，使用数据{'isAutoSurvival': '2', 'productId': '21', 'enregisterShare': '10'}
2019-04-03 14:28:52,348 - logger.py - INFO 登记非拼团操作状态码200,返回数据为{"code":"000000","message":"请求成功","data":"1113327485342351362","sysMark":null}
2019-04-03 14:28:52,351 - logger.py - INFO 接口请求成功，状态码200
2019-04-03 14:28:52,355 - logger.py - INFO 开始校验登记结果
2019-04-03 14:28:52,358 - logger.py - INFO 登记非拼团操作成功
2019-04-03 14:29:22,362 - logger.py - INFO 开始执行数据库连接操作
2019-04-03 14:29:22,394 - logger.py - INFO 数据库连接成功
2019-04-03 14:29:22,398 - logger.py - INFO 开始执行sql语句
2019-04-03 14:29:22,401 - logger.py - INFO 执行语句：DELETE FROM dy_project_product_enregister_info WHERE user_phone_show='183****8888'
2019-04-03 14:29:22,516 - logger.py - INFO 关闭数据库连接
2019-04-03 14:29:22,519 - logger.py - INFO 开始执行数据库连接操作
2019-04-03 14:29:22,567 - logger.py - INFO 数据库连接成功
2019-04-03 14:29:22,571 - logger.py - INFO 开始执行sql语句
2019-04-03 14:29:22,576 - logger.py - INFO 执行语句：DELETE FROM dy_project_product_enregister_together_info WHERE originator_phone_show='183****8888'
2019-04-03 14:29:22,617 - logger.py - INFO 关闭数据库连接
2019-04-03 14:29:22,621 - logger.py - INFO 开始执行数据库连接操作
2019-04-03 14:29:22,663 - logger.py - INFO 数据库连接成功
2019-04-03 14:29:22,667 - logger.py - INFO 开始执行sql语句
2019-04-03 14:29:22,670 - logger.py - INFO 执行语句：UPDATE dy_project_product_enregister_together_info SET `now_togethe_num`=1 WHERE `together_id` = 1113317082612793346
2019-04-03 14:29:22,688 - logger.py - INFO 关闭数据库连接
2019-04-03 14:29:22,702 - logger.py - INFO 开始执行数据库连接操作
2019-04-03 14:29:22,732 - logger.py - INFO 数据库连接成功
2019-04-03 14:29:22,738 - logger.py - INFO 开始执行sql语句
2019-04-03 14:29:22,742 - logger.py - INFO 执行语句：DELETE from dy_instation_message WHERE uid='1113280649072508930' AND title='产品登记'
2019-04-03 14:29:22,782 - logger.py - INFO 关闭数据库连接
2019-04-03 14:29:22,790 - logger.py - INFO ===================================================================================
2019-04-03 14:29:22,794 - logger.py - INFO 开始执行登记拼团操作，使用数据{'isAutoSurvival': '2', 'productId': '21', 'togetherId': '1113317082612793346', 'enregisterShare': '20'}
2019-04-03 14:29:23,069 - logger.py - INFO 登记拼团操作状态码:200,返回数据为{"code":"000000","message":"请求成功","data":"1113317082612793346","sysMark":null}
2019-04-03 14:29:23,072 - logger.py - INFO 接口请求成功
2019-04-03 14:29:23,076 - logger.py - INFO 登记拼团操作成功
2019-04-03 14:29:53,079 - logger.py - INFO 开始执行数据库连接操作
2019-04-03 14:29:53,109 - logger.py - INFO 数据库连接成功
2019-04-03 14:29:53,113 - logger.py - INFO 开始执行sql语句
2019-04-03 14:29:53,115 - logger.py - INFO 执行语句：DELETE FROM dy_project_product_enregister_info WHERE user_phone_show='183****8888'
2019-04-03 14:29:53,156 - logger.py - INFO 关闭数据库连接
2019-04-03 14:29:53,160 - logger.py - INFO 开始执行数据库连接操作
2019-04-03 14:29:53,189 - logger.py - INFO 数据库连接成功
2019-04-03 14:29:53,192 - logger.py - INFO 开始执行sql语句
2019-04-03 14:29:53,196 - logger.py - INFO 执行语句：DELETE FROM dy_project_product_enregister_together_info WHERE originator_phone_show='183****8888'
2019-04-03 14:29:53,215 - logger.py - INFO 关闭数据库连接
2019-04-03 14:29:53,219 - logger.py - INFO 开始执行数据库连接操作
2019-04-03 14:29:53,248 - logger.py - INFO 数据库连接成功
2019-04-03 14:29:53,252 - logger.py - INFO 开始执行sql语句
2019-04-03 14:29:53,255 - logger.py - INFO 执行语句：UPDATE dy_project_product_enregister_together_info SET `now_togethe_num`=1 WHERE `together_id` = 1113317082612793346
2019-04-03 14:29:53,298 - logger.py - INFO 关闭数据库连接
2019-04-03 14:29:53,302 - logger.py - INFO 开始执行数据库连接操作
2019-04-03 14:29:53,339 - logger.py - INFO 数据库连接成功
2019-04-03 14:29:53,342 - logger.py - INFO 开始执行sql语句
2019-04-03 14:29:53,350 - logger.py - INFO 执行语句：DELETE from dy_instation_message WHERE uid='1113280649072508930' AND title='产品登记'
2019-04-03 14:29:53,472 - logger.py - INFO 关闭数据库连接
2019-04-03 14:29:53,476 - logger.py - INFO ===================================================================================
2019-04-03 14:30:05,657 - logger.py - INFO 开始测试前的账号登陆准备
2019-04-03 14:30:05,740 - logger.py - INFO 登陆成功，使用账号：18358338888
2019-04-03 14:30:05,744 - logger.py - INFO 开始执行登记非拼团操作，使用数据{'productId': '21', 'isAutoSurvival': '2', 'enregisterShare': '10'}
2019-04-03 14:30:05,992 - logger.py - INFO 登记非拼团操作状态码200,返回数据为{"code":"000000","message":"请求成功","data":"1113327794651299842","sysMark":null}
2019-04-03 14:30:05,996 - logger.py - INFO 接口请求成功，状态码200
2019-04-03 14:30:05,999 - logger.py - INFO 开始校验登记结果
2019-04-03 14:30:06,002 - logger.py - INFO 登记非拼团操作成功
2019-04-03 14:30:06,006 - logger.py - INFO 开始执行数据库连接操作
2019-04-03 14:30:06,036 - logger.py - INFO 数据库连接成功
2019-04-03 14:30:06,040 - logger.py - INFO 开始执行sql语句
2019-04-03 14:30:06,044 - logger.py - INFO 执行语句：DELETE FROM dy_project_product_enregister_info WHERE user_phone_show='183****8888'
2019-04-03 14:30:06,085 - logger.py - INFO 关闭数据库连接
2019-04-03 14:30:06,088 - logger.py - INFO 开始执行数据库连接操作
2019-04-03 14:30:06,109 - logger.py - INFO 数据库连接成功
2019-04-03 14:30:06,113 - logger.py - INFO 开始执行sql语句
2019-04-03 14:30:06,116 - logger.py - INFO 执行语句：DELETE FROM dy_project_product_enregister_together_info WHERE originator_phone_show='183****8888'
2019-04-03 14:30:06,165 - logger.py - INFO 关闭数据库连接
2019-04-03 14:30:06,170 - logger.py - INFO 开始执行数据库连接操作
2019-04-03 14:30:06,195 - logger.py - INFO 数据库连接成功
2019-04-03 14:30:06,200 - logger.py - INFO 开始执行sql语句
2019-04-03 14:30:06,204 - logger.py - INFO 执行语句：UPDATE dy_project_product_enregister_together_info SET `now_togethe_num`=1 WHERE `together_id` = 1113317082612793346
2019-04-03 14:30:06,221 - logger.py - INFO 关闭数据库连接
2019-04-03 14:30:06,225 - logger.py - INFO 开始执行数据库连接操作
2019-04-03 14:30:06,250 - logger.py - INFO 数据库连接成功
2019-04-03 14:30:06,254 - logger.py - INFO 开始执行sql语句
2019-04-03 14:30:06,258 - logger.py - INFO 执行语句：DELETE from dy_instation_message WHERE uid='1113280649072508930' AND title='产品登记'
2019-04-03 14:30:06,307 - logger.py - INFO 关闭数据库连接
2019-04-03 14:30:06,311 - logger.py - INFO ===================================================================================
2019-04-03 14:30:06,316 - logger.py - INFO 开始执行登记拼团操作，使用数据{'productId': '21', 'togetherId': '1113317082612793346', 'enregisterShare': '20', 'isAutoSurvival': '2'}
2019-04-03 14:30:06,510 - logger.py - INFO 登记拼团操作状态码:200,返回数据为{"code":"000000","message":"请求成功","data":"1113317082612793346","sysMark":null}
2019-04-03 14:30:06,514 - logger.py - INFO 接口请求成功
2019-04-03 14:30:06,519 - logger.py - INFO 登记拼团操作成功
2019-04-03 14:30:06,522 - logger.py - INFO 开始执行数据库连接操作
2019-04-03 14:30:06,549 - logger.py - INFO 数据库连接成功
2019-04-03 14:30:06,553 - logger.py - INFO 开始执行sql语句
2019-04-03 14:30:06,556 - logger.py - INFO 执行语句：DELETE FROM dy_project_product_enregister_info WHERE user_phone_show='183****8888'
2019-04-03 14:30:06,608 - logger.py - INFO 关闭数据库连接
2019-04-03 14:30:06,616 - logger.py - INFO 开始执行数据库连接操作
2019-04-03 14:30:06,643 - logger.py - INFO 数据库连接成功
2019-04-03 14:30:06,647 - logger.py - INFO 开始执行sql语句
2019-04-03 14:30:06,650 - logger.py - INFO 执行语句：DELETE FROM dy_project_product_enregister_together_info WHERE originator_phone_show='183****8888'
2019-04-03 14:30:06,665 - logger.py - INFO 关闭数据库连接
2019-04-03 14:30:06,669 - logger.py - INFO 开始执行数据库连接操作
2019-04-03 14:30:06,691 - logger.py - INFO 数据库连接成功
2019-04-03 14:30:06,695 - logger.py - INFO 开始执行sql语句
2019-04-03 14:30:06,698 - logger.py - INFO 执行语句：UPDATE dy_project_product_enregister_together_info SET `now_togethe_num`=1 WHERE `together_id` = 1113317082612793346
2019-04-03 14:30:06,751 - logger.py - INFO 关闭数据库连接
2019-04-03 14:30:06,755 - logger.py - INFO 开始执行数据库连接操作
2019-04-03 14:30:06,782 - logger.py - INFO 数据库连接成功
2019-04-03 14:30:06,787 - logger.py - INFO 开始执行sql语句
2019-04-03 14:30:06,791 - logger.py - INFO 执行语句：DELETE from dy_instation_message WHERE uid='1113280649072508930' AND title='产品登记'
2019-04-03 14:30:06,832 - logger.py - INFO 关闭数据库连接
2019-04-03 14:30:06,836 - logger.py - INFO ===================================================================================
2019-04-03 14:30:09,023 - logger.py - INFO 开始测试前的账号登陆准备
2019-04-03 14:30:09,204 - logger.py - INFO 登陆成功，使用账号：18358338888
2019-04-03 14:30:09,209 - logger.py - INFO 开始执行登记非拼团操作，使用数据{'productId': '21', 'enregisterShare': '10', 'isAutoSurvival': '2'}
2019-04-03 14:30:09,436 - logger.py - INFO 登记非拼团操作状态码200,返回数据为{"code":"000000","message":"请求成功","data":"1113327809142620163","sysMark":null}
2019-04-03 14:30:09,440 - logger.py - INFO 接口请求成功，状态码200
2019-04-03 14:30:09,443 - logger.py - INFO 开始校验登记结果
2019-04-03 14:30:09,446 - logger.py - INFO 登记非拼团操作成功
2019-04-03 14:30:09,450 - logger.py - INFO 开始执行数据库连接操作
2019-04-03 14:30:09,475 - logger.py - INFO 数据库连接成功
2019-04-03 14:30:09,479 - logger.py - INFO 开始执行sql语句
2019-04-03 14:30:09,483 - logger.py - INFO 执行语句：DELETE FROM dy_project_product_enregister_info WHERE user_phone_show='183****8888'
2019-04-03 14:30:09,527 - logger.py - INFO 关闭数据库连接
2019-04-03 14:30:09,531 - logger.py - INFO 开始执行数据库连接操作
2019-04-03 14:30:09,563 - logger.py - INFO 数据库连接成功
2019-04-03 14:30:09,567 - logger.py - INFO 开始执行sql语句
2019-04-03 14:30:09,571 - logger.py - INFO 执行语句：DELETE FROM dy_project_product_enregister_together_info WHERE originator_phone_show='183****8888'
2019-04-03 14:30:09,609 - logger.py - INFO 关闭数据库连接
2019-04-03 14:30:09,613 - logger.py - INFO 开始执行数据库连接操作
2019-04-03 14:30:09,637 - logger.py - INFO 数据库连接成功
2019-04-03 14:30:09,641 - logger.py - INFO 开始执行sql语句
2019-04-03 14:30:09,646 - logger.py - INFO 执行语句：UPDATE dy_project_product_enregister_together_info SET `now_togethe_num`=1 WHERE `together_id` = 1113317082612793346
2019-04-03 14:30:09,663 - logger.py - INFO 关闭数据库连接
2019-04-03 14:30:09,667 - logger.py - INFO 开始执行数据库连接操作
2019-04-03 14:30:09,693 - logger.py - INFO 数据库连接成功
2019-04-03 14:30:09,697 - logger.py - INFO 开始执行sql语句
2019-04-03 14:30:09,700 - logger.py - INFO 执行语句：DELETE from dy_instation_message WHERE uid='1113280649072508930' AND title='产品登记'
2019-04-03 14:30:09,742 - logger.py - INFO 关闭数据库连接
2019-04-03 14:30:09,746 - logger.py - INFO ===================================================================================
2019-04-03 14:30:09,750 - logger.py - INFO 开始执行登记拼团操作，使用数据{'productId': '21', 'enregisterShare': '20', 'togetherId': '1113317082612793346', 'isAutoSurvival': '2'}
2019-04-03 14:30:09,935 - logger.py - INFO 登记拼团操作状态码:200,返回数据为{"code":"000000","message":"请求成功","data":"1113317082612793346","sysMark":null}
2019-04-03 14:30:09,939 - logger.py - INFO 接口请求成功
2019-04-03 14:30:09,943 - logger.py - INFO 登记拼团操作成功
2019-04-03 14:30:09,952 - logger.py - INFO 开始执行数据库连接操作
2019-04-03 14:30:09,977 - logger.py - INFO 数据库连接成功
2019-04-03 14:30:09,980 - logger.py - INFO 开始执行sql语句
2019-04-03 14:30:09,984 - logger.py - INFO 执行语句：DELETE FROM dy_project_product_enregister_info WHERE user_phone_show='183****8888'
2019-04-03 14:30:10,026 - logger.py - INFO 关闭数据库连接
2019-04-03 14:30:10,030 - logger.py - INFO 开始执行数据库连接操作
2019-04-03 14:30:10,055 - logger.py - INFO 数据库连接成功
2019-04-03 14:30:10,059 - logger.py - INFO 开始执行sql语句
2019-04-03 14:30:10,062 - logger.py - INFO 执行语句：DELETE FROM dy_project_product_enregister_together_info WHERE originator_phone_show='183****8888'
2019-04-03 14:30:10,078 - logger.py - INFO 关闭数据库连接
2019-04-03 14:30:10,082 - logger.py - INFO 开始执行数据库连接操作
2019-04-03 14:30:10,107 - logger.py - INFO 数据库连接成功
2019-04-03 14:30:10,110 - logger.py - INFO 开始执行sql语句
2019-04-03 14:30:10,114 - logger.py - INFO 执行语句：UPDATE dy_project_product_enregister_together_info SET `now_togethe_num`=1 WHERE `together_id` = 1113317082612793346
2019-04-03 14:30:10,195 - logger.py - INFO 关闭数据库连接
2019-04-03 14:30:10,199 - logger.py - INFO 开始执行数据库连接操作
2019-04-03 14:30:10,228 - logger.py - INFO 数据库连接成功
2019-04-03 14:30:10,233 - logger.py - INFO 开始执行sql语句
2019-04-03 14:30:10,238 - logger.py - INFO 执行语句：DELETE from dy_instation_message WHERE uid='1113280649072508930' AND title='产品登记'
2019-04-03 14:30:10,277 - logger.py - INFO 关闭数据库连接
2019-04-03 14:30:10,281 - logger.py - INFO ===================================================================================
2019-04-03 14:30:11,215 - logger.py - INFO 开始测试前的账号登陆准备
2019-04-03 14:30:11,496 - logger.py - INFO 登陆成功，使用账号：18358338888
2019-04-03 14:30:11,501 - logger.py - INFO 开始执行登记非拼团操作，使用数据{'enregisterShare': '10', 'isAutoSurvival': '2', 'productId': '21'}
2019-04-03 14:30:11,997 - logger.py - INFO 登记非拼团操作状态码200,返回数据为{"code":"000000","message":"请求成功","data":"1113327818743382018","sysMark":null}
2019-04-03 14:30:12,002 - logger.py - INFO 接口请求成功，状态码200
2019-04-03 14:30:12,005 - logger.py - INFO 开始校验登记结果
2019-04-03 14:30:12,009 - logger.py - INFO 登记非拼团操作成功
2019-04-03 14:30:12,012 - logger.py - INFO 开始执行数据库连接操作
2019-04-03 14:30:12,040 - logger.py - INFO 数据库连接成功
2019-04-03 14:30:12,045 - logger.py - INFO 开始执行sql语句
2019-04-03 14:30:12,049 - logger.py - INFO 执行语句：DELETE FROM dy_project_product_enregister_info WHERE user_phone_show='183****8888'
2019-04-03 14:30:12,221 - logger.py - INFO 关闭数据库连接
2019-04-03 14:30:12,225 - logger.py - INFO 开始执行数据库连接操作
2019-04-03 14:30:12,253 - logger.py - INFO 数据库连接成功
2019-04-03 14:30:12,257 - logger.py - INFO 开始执行sql语句
2019-04-03 14:30:12,260 - logger.py - INFO 执行语句：DELETE FROM dy_project_product_enregister_together_info WHERE originator_phone_show='183****8888'
2019-04-03 14:30:12,489 - logger.py - INFO 关闭数据库连接
2019-04-03 14:30:12,493 - logger.py - INFO 开始执行数据库连接操作
2019-04-03 14:30:12,516 - logger.py - INFO 数据库连接成功
2019-04-03 14:30:12,520 - logger.py - INFO 开始执行sql语句
2019-04-03 14:30:12,523 - logger.py - INFO 执行语句：UPDATE dy_project_product_enregister_together_info SET `now_togethe_num`=1 WHERE `together_id` = 1113317082612793346
2019-04-03 14:30:12,538 - logger.py - INFO 关闭数据库连接
2019-04-03 14:30:12,541 - logger.py - INFO 开始执行数据库连接操作
2019-04-03 14:30:12,565 - logger.py - INFO 数据库连接成功
2019-04-03 14:30:12,568 - logger.py - INFO 开始执行sql语句
2019-04-03 14:30:12,572 - logger.py - INFO 执行语句：DELETE from dy_instation_message WHERE uid='1113280649072508930' AND title='产品登记'
2019-04-03 14:30:12,669 - logger.py - INFO 关闭数据库连接
2019-04-03 14:30:12,672 - logger.py - INFO ===================================================================================
2019-04-03 14:30:12,676 - logger.py - INFO 开始执行登记拼团操作，使用数据{'togetherId': '1113317082612793346', 'enregisterShare': '20', 'isAutoSurvival': '2', 'productId': '21'}
2019-04-03 14:30:13,150 - logger.py - INFO 登记拼团操作状态码:200,返回数据为{"code":"000000","message":"请求成功","data":"1113317082612793346","sysMark":null}
2019-04-03 14:30:13,154 - logger.py - INFO 接口请求成功
2019-04-03 14:30:13,158 - logger.py - INFO 登记拼团操作成功
2019-04-03 14:30:13,161 - logger.py - INFO 开始执行数据库连接操作
2019-04-03 14:30:13,189 - logger.py - INFO 数据库连接成功
2019-04-03 14:30:13,196 - logger.py - INFO 开始执行sql语句
2019-04-03 14:30:13,200 - logger.py - INFO 执行语句：DELETE FROM dy_project_product_enregister_info WHERE user_phone_show='183****8888'
2019-04-03 14:30:13,244 - logger.py - INFO 关闭数据库连接
2019-04-03 14:30:13,247 - logger.py - INFO 开始执行数据库连接操作
2019-04-03 14:30:13,274 - logger.py - INFO 数据库连接成功
2019-04-03 14:30:13,278 - logger.py - INFO 开始执行sql语句
2019-04-03 14:30:13,281 - logger.py - INFO 执行语句：DELETE FROM dy_project_product_enregister_together_info WHERE originator_phone_show='183****8888'
2019-04-03 14:30:13,296 - logger.py - INFO 关闭数据库连接
2019-04-03 14:30:13,300 - logger.py - INFO 开始执行数据库连接操作
2019-04-03 14:30:13,328 - logger.py - INFO 数据库连接成功
2019-04-03 14:30:13,332 - logger.py - INFO 开始执行sql语句
2019-04-03 14:30:13,335 - logger.py - INFO 执行语句：UPDATE dy_project_product_enregister_together_info SET `now_togethe_num`=1 WHERE `together_id` = 1113317082612793346
2019-04-03 14:30:13,438 - logger.py - INFO 关闭数据库连接
2019-04-03 14:30:13,443 - logger.py - INFO 开始执行数据库连接操作
2019-04-03 14:30:13,466 - logger.py - INFO 数据库连接成功
2019-04-03 14:30:13,470 - logger.py - INFO 开始执行sql语句
2019-04-03 14:30:13,474 - logger.py - INFO 执行语句：DELETE from dy_instation_message WHERE uid='1113280649072508930' AND title='产品登记'
2019-04-03 14:30:13,518 - logger.py - INFO 关闭数据库连接
2019-04-03 14:30:13,522 - logger.py - INFO ===================================================================================
2019-04-03 14:30:14,512 - logger.py - INFO 开始测试前的账号登陆准备
2019-04-03 14:30:14,642 - logger.py - INFO 登陆成功，使用账号：18358338888
2019-04-03 14:30:14,646 - logger.py - INFO 开始执行登记非拼团操作，使用数据{'enregisterShare': '10', 'productId': '21', 'isAutoSurvival': '2'}
2019-04-03 14:30:14,916 - logger.py - INFO 登记非拼团操作状态码200,返回数据为{"code":"000000","message":"请求成功","data":"1113327831905107971","sysMark":null}
2019-04-03 14:30:14,919 - logger.py - INFO 接口请求成功，状态码200
2019-04-03 14:30:14,923 - logger.py - INFO 开始校验登记结果
2019-04-03 14:30:14,926 - logger.py - INFO 登记非拼团操作成功
2019-04-03 14:30:14,930 - logger.py - INFO 开始执行数据库连接操作
2019-04-03 14:30:14,957 - logger.py - INFO 数据库连接成功
2019-04-03 14:30:14,960 - logger.py - INFO 开始执行sql语句
2019-04-03 14:30:14,964 - logger.py - INFO 执行语句：DELETE FROM dy_project_product_enregister_info WHERE user_phone_show='183****8888'
2019-04-03 14:30:15,018 - logger.py - INFO 关闭数据库连接
2019-04-03 14:30:15,023 - logger.py - INFO 开始执行数据库连接操作
2019-04-03 14:30:15,046 - logger.py - INFO 数据库连接成功
2019-04-03 14:30:15,051 - logger.py - INFO 开始执行sql语句
2019-04-03 14:30:15,054 - logger.py - INFO 执行语句：DELETE FROM dy_project_product_enregister_together_info WHERE originator_phone_show='183****8888'
2019-04-03 14:30:15,093 - logger.py - INFO 关闭数据库连接
2019-04-03 14:30:15,098 - logger.py - INFO 开始执行数据库连接操作
2019-04-03 14:30:15,125 - logger.py - INFO 数据库连接成功
2019-04-03 14:30:15,130 - logger.py - INFO 开始执行sql语句
2019-04-03 14:30:15,134 - logger.py - INFO 执行语句：UPDATE dy_project_product_enregister_together_info SET `now_togethe_num`=1 WHERE `together_id` = 1113317082612793346
2019-04-03 14:30:15,148 - logger.py - INFO 关闭数据库连接
2019-04-03 14:30:15,153 - logger.py - INFO 开始执行数据库连接操作
2019-04-03 14:30:15,177 - logger.py - INFO 数据库连接成功
2019-04-03 14:30:15,181 - logger.py - INFO 开始执行sql语句
2019-04-03 14:30:15,185 - logger.py - INFO 执行语句：DELETE from dy_instation_message WHERE uid='1113280649072508930' AND title='产品登记'
2019-04-03 14:30:15,252 - logger.py - INFO 关闭数据库连接
2019-04-03 14:30:15,257 - logger.py - INFO ===================================================================================
2019-04-03 14:30:15,260 - logger.py - INFO 开始执行登记拼团操作，使用数据{'enregisterShare': '20', 'togetherId': '1113317082612793346', 'productId': '21', 'isAutoSurvival': '2'}
2019-04-03 14:30:15,438 - logger.py - INFO 登记拼团操作状态码:200,返回数据为{"code":"000000","message":"请求成功","data":"1113317082612793346","sysMark":null}
2019-04-03 14:30:15,441 - logger.py - INFO 接口请求成功
2019-04-03 14:30:15,444 - logger.py - INFO 登记拼团操作成功
2019-04-03 14:30:15,448 - logger.py - INFO 开始执行数据库连接操作
2019-04-03 14:30:15,472 - logger.py - INFO 数据库连接成功
2019-04-03 14:30:15,476 - logger.py - INFO 开始执行sql语句
2019-04-03 14:30:15,484 - logger.py - INFO 执行语句：DELETE FROM dy_project_product_enregister_info WHERE user_phone_show='183****8888'
2019-04-03 14:30:15,642 - logger.py - INFO 关闭数据库连接
2019-04-03 14:30:15,646 - logger.py - INFO 开始执行数据库连接操作
2019-04-03 14:30:15,675 - logger.py - INFO 数据库连接成功
2019-04-03 14:30:15,679 - logger.py - INFO 开始执行sql语句
2019-04-03 14:30:15,682 - logger.py - INFO 执行语句：DELETE FROM dy_project_product_enregister_together_info WHERE originator_phone_show='183****8888'
2019-04-03 14:30:15,700 - logger.py - INFO 关闭数据库连接
2019-04-03 14:30:15,704 - logger.py - INFO 开始执行数据库连接操作
2019-04-03 14:30:15,726 - logger.py - INFO 数据库连接成功
2019-04-03 14:30:15,730 - logger.py - INFO 开始执行sql语句
2019-04-03 14:30:15,733 - logger.py - INFO 执行语句：UPDATE dy_project_product_enregister_together_info SET `now_togethe_num`=1 WHERE `together_id` = 1113317082612793346
2019-04-03 14:30:15,801 - logger.py - INFO 关闭数据库连接
2019-04-03 14:30:15,805 - logger.py - INFO 开始执行数据库连接操作
2019-04-03 14:30:15,830 - logger.py - INFO 数据库连接成功
2019-04-03 14:30:15,834 - logger.py - INFO 开始执行sql语句
2019-04-03 14:30:15,837 - logger.py - INFO 执行语句：DELETE from dy_instation_message WHERE uid='1113280649072508930' AND title='产品登记'
2019-04-03 14:30:15,877 - logger.py - INFO 关闭数据库连接
2019-04-03 14:30:15,882 - logger.py - INFO ===================================================================================
2019-04-03 14:30:17,097 - logger.py - INFO 开始测试前的账号登陆准备
2019-04-03 14:30:17,200 - logger.py - INFO 登陆成功，使用账号：18358338888
2019-04-03 14:30:17,204 - logger.py - INFO 开始执行登记非拼团操作，使用数据{'productId': '21', 'isAutoSurvival': '2', 'enregisterShare': '10'}
2019-04-03 14:30:17,602 - logger.py - INFO 登记非拼团操作状态码200,返回数据为{"code":"000000","message":"请求成功","data":"1113327842629943299","sysMark":null}
2019-04-03 14:30:17,607 - logger.py - INFO 接口请求成功，状态码200
2019-04-03 14:30:17,611 - logger.py - INFO 开始校验登记结果
2019-04-03 14:30:17,614 - logger.py - INFO 登记非拼团操作成功
2019-04-03 14:30:17,617 - logger.py - INFO 开始执行数据库连接操作
2019-04-03 14:30:17,644 - logger.py - INFO 数据库连接成功
2019-04-03 14:30:17,648 - logger.py - INFO 开始执行sql语句
2019-04-03 14:30:17,651 - logger.py - INFO 执行语句：DELETE FROM dy_project_product_enregister_info WHERE user_phone_show='183****8888'
2019-04-03 14:30:17,696 - logger.py - INFO 关闭数据库连接
2019-04-03 14:30:17,700 - logger.py - INFO 开始执行数据库连接操作
2019-04-03 14:30:17,726 - logger.py - INFO 数据库连接成功
2019-04-03 14:30:17,730 - logger.py - INFO 开始执行sql语句
2019-04-03 14:30:17,734 - logger.py - INFO 执行语句：DELETE FROM dy_project_product_enregister_together_info WHERE originator_phone_show='183****8888'
2019-04-03 14:30:17,770 - logger.py - INFO 关闭数据库连接
2019-04-03 14:30:17,773 - logger.py - INFO 开始执行数据库连接操作
2019-04-03 14:30:17,798 - logger.py - INFO 数据库连接成功
2019-04-03 14:30:17,802 - logger.py - INFO 开始执行sql语句
2019-04-03 14:30:17,805 - logger.py - INFO 执行语句：UPDATE dy_project_product_enregister_together_info SET `now_togethe_num`=1 WHERE `together_id` = 1113317082612793346
2019-04-03 14:30:17,821 - logger.py - INFO 关闭数据库连接
2019-04-03 14:30:17,826 - logger.py - INFO 开始执行数据库连接操作
2019-04-03 14:30:17,848 - logger.py - INFO 数据库连接成功
2019-04-03 14:30:17,852 - logger.py - INFO 开始执行sql语句
2019-04-03 14:30:17,856 - logger.py - INFO 执行语句：DELETE from dy_instation_message WHERE uid='1113280649072508930' AND title='产品登记'
2019-04-03 14:30:17,892 - logger.py - INFO 关闭数据库连接
2019-04-03 14:30:17,896 - logger.py - INFO ===================================================================================
2019-04-03 14:30:17,899 - logger.py - INFO 开始执行登记拼团操作，使用数据{'productId': '21', 'togetherId': '1113317082612793346', 'isAutoSurvival': '2', 'enregisterShare': '20'}
2019-04-03 14:30:18,110 - logger.py - INFO 登记拼团操作状态码:200,返回数据为{"code":"000000","message":"请求成功","data":"1113317082612793346","sysMark":null}
2019-04-03 14:30:18,115 - logger.py - INFO 接口请求成功
2019-04-03 14:30:18,118 - logger.py - INFO 登记拼团操作成功
2019-04-03 14:30:18,124 - logger.py - INFO 开始执行数据库连接操作
2019-04-03 14:30:18,149 - logger.py - INFO 数据库连接成功
2019-04-03 14:30:18,153 - logger.py - INFO 开始执行sql语句
2019-04-03 14:30:18,156 - logger.py - INFO 执行语句：DELETE FROM dy_project_product_enregister_info WHERE user_phone_show='183****8888'
2019-04-03 14:30:18,196 - logger.py - INFO 关闭数据库连接
2019-04-03 14:30:18,203 - logger.py - INFO 开始执行数据库连接操作
2019-04-03 14:30:18,244 - logger.py - INFO 数据库连接成功
2019-04-03 14:30:18,248 - logger.py - INFO 开始执行sql语句
2019-04-03 14:30:18,251 - logger.py - INFO 执行语句：DELETE FROM dy_project_product_enregister_together_info WHERE originator_phone_show='183****8888'
2019-04-03 14:30:18,264 - logger.py - INFO 关闭数据库连接
2019-04-03 14:30:18,268 - logger.py - INFO 开始执行数据库连接操作
2019-04-03 14:30:18,299 - logger.py - INFO 数据库连接成功
2019-04-03 14:30:18,303 - logger.py - INFO 开始执行sql语句
2019-04-03 14:30:18,306 - logger.py - INFO 执行语句：UPDATE dy_project_product_enregister_together_info SET `now_togethe_num`=1 WHERE `together_id` = 1113317082612793346
2019-04-03 14:30:18,345 - logger.py - INFO 关闭数据库连接
2019-04-03 14:30:18,351 - logger.py - INFO 开始执行数据库连接操作
2019-04-03 14:30:18,380 - logger.py - INFO 数据库连接成功
2019-04-03 14:30:18,385 - logger.py - INFO 开始执行sql语句
2019-04-03 14:30:18,388 - logger.py - INFO 执行语句：DELETE from dy_instation_message WHERE uid='1113280649072508930' AND title='产品登记'
2019-04-03 14:30:18,479 - logger.py - INFO 关闭数据库连接
2019-04-03 14:30:18,482 - logger.py - INFO ===================================================================================
2019-04-03 14:30:19,428 - logger.py - INFO 开始测试前的账号登陆准备
2019-04-03 14:30:19,532 - logger.py - INFO 登陆成功，使用账号：18358338888
2019-04-03 14:30:19,537 - logger.py - INFO 开始执行登记非拼团操作，使用数据{'isAutoSurvival': '2', 'productId': '21', 'enregisterShare': '10'}
2019-04-03 14:30:19,716 - logger.py - INFO 登记非拼团操作状态码200,返回数据为{"code":"000000","message":"请求成功","data":"1113327852444614658","sysMark":null}
2019-04-03 14:30:19,720 - logger.py - INFO 接口请求成功，状态码200
2019-04-03 14:30:19,723 - logger.py - INFO 开始校验登记结果
2019-04-03 14:30:19,733 - logger.py - INFO 登记非拼团操作成功
2019-04-03 14:30:19,737 - logger.py - INFO 开始执行数据库连接操作
2019-04-03 14:30:19,760 - logger.py - INFO 数据库连接成功
2019-04-03 14:30:19,766 - logger.py - INFO 开始执行sql语句
2019-04-03 14:30:19,769 - logger.py - INFO 执行语句：DELETE FROM dy_project_product_enregister_info WHERE user_phone_show='183****8888'
2019-04-03 14:30:19,808 - logger.py - INFO 关闭数据库连接
2019-04-03 14:30:19,812 - logger.py - INFO 开始执行数据库连接操作
2019-04-03 14:30:19,842 - logger.py - INFO 数据库连接成功
2019-04-03 14:30:19,846 - logger.py - INFO 开始执行sql语句
2019-04-03 14:30:19,850 - logger.py - INFO 执行语句：DELETE FROM dy_project_product_enregister_together_info WHERE originator_phone_show='183****8888'
2019-04-03 14:30:19,879 - logger.py - INFO 关闭数据库连接
2019-04-03 14:30:19,883 - logger.py - INFO 开始执行数据库连接操作
2019-04-03 14:30:19,907 - logger.py - INFO 数据库连接成功
2019-04-03 14:30:19,911 - logger.py - INFO 开始执行sql语句
2019-04-03 14:30:19,914 - logger.py - INFO 执行语句：UPDATE dy_project_product_enregister_together_info SET `now_togethe_num`=1 WHERE `together_id` = 1113317082612793346
2019-04-03 14:30:19,928 - logger.py - INFO 关闭数据库连接
2019-04-03 14:30:19,933 - logger.py - INFO 开始执行数据库连接操作
2019-04-03 14:30:19,955 - logger.py - INFO 数据库连接成功
2019-04-03 14:30:19,960 - logger.py - INFO 开始执行sql语句
2019-04-03 14:30:19,964 - logger.py - INFO 执行语句：DELETE from dy_instation_message WHERE uid='1113280649072508930' AND title='产品登记'
2019-04-03 14:30:20,013 - logger.py - INFO 关闭数据库连接
2019-04-03 14:30:20,017 - logger.py - INFO ===================================================================================
2019-04-03 14:30:20,020 - logger.py - INFO 开始执行登记拼团操作，使用数据{'isAutoSurvival': '2', 'togetherId': '1113317082612793346', 'productId': '21', 'enregisterShare': '20'}
2019-04-03 14:30:20,160 - logger.py - INFO 登记拼团操作状态码:200,返回数据为{"code":"000000","message":"请求成功","data":"1113317082612793346","sysMark":null}
2019-04-03 14:30:20,167 - logger.py - INFO 接口请求成功
2019-04-03 14:30:20,173 - logger.py - INFO 登记拼团操作成功
2019-04-03 14:30:20,178 - logger.py - INFO 开始执行数据库连接操作
2019-04-03 14:30:20,209 - logger.py - INFO 数据库连接成功
2019-04-03 14:30:20,212 - logger.py - INFO 开始执行sql语句
2019-04-03 14:30:20,215 - logger.py - INFO 执行语句：DELETE FROM dy_project_product_enregister_info WHERE user_phone_show='183****8888'
2019-04-03 14:30:20,254 - logger.py - INFO 关闭数据库连接
2019-04-03 14:30:20,265 - logger.py - INFO 开始执行数据库连接操作
2019-04-03 14:30:20,303 - logger.py - INFO 数据库连接成功
2019-04-03 14:30:20,306 - logger.py - INFO 开始执行sql语句
2019-04-03 14:30:20,309 - logger.py - INFO 执行语句：DELETE FROM dy_project_product_enregister_together_info WHERE originator_phone_show='183****8888'
2019-04-03 14:30:20,326 - logger.py - INFO 关闭数据库连接
2019-04-03 14:30:20,330 - logger.py - INFO 开始执行数据库连接操作
2019-04-03 14:30:20,360 - logger.py - INFO 数据库连接成功
2019-04-03 14:30:20,365 - logger.py - INFO 开始执行sql语句
2019-04-03 14:30:20,369 - logger.py - INFO 执行语句：UPDATE dy_project_product_enregister_together_info SET `now_togethe_num`=1 WHERE `together_id` = 1113317082612793346
2019-04-03 14:30:20,405 - logger.py - INFO 关闭数据库连接
2019-04-03 14:30:20,410 - logger.py - INFO 开始执行数据库连接操作
2019-04-03 14:30:20,442 - logger.py - INFO 数据库连接成功
2019-04-03 14:30:20,445 - logger.py - INFO 开始执行sql语句
2019-04-03 14:30:20,449 - logger.py - INFO 执行语句：DELETE from dy_instation_message WHERE uid='1113280649072508930' AND title='产品登记'
2019-04-03 14:30:20,622 - logger.py - INFO 关闭数据库连接
2019-04-03 14:30:20,627 - logger.py - INFO ===================================================================================
2019-04-03 14:30:21,375 - logger.py - INFO 开始测试前的账号登陆准备
2019-04-03 14:30:21,475 - logger.py - INFO 登陆成功，使用账号：18358338888
2019-04-03 14:30:21,479 - logger.py - INFO 开始执行登记非拼团操作，使用数据{'productId': '21', 'enregisterShare': '10', 'isAutoSurvival': '2'}
2019-04-03 14:30:21,642 - logger.py - INFO 登记非拼团操作状态码200,返回数据为{"code":"000000","message":"请求成功","data":"1113327860573175811","sysMark":null}
2019-04-03 14:30:21,648 - logger.py - INFO 接口请求成功，状态码200
2019-04-03 14:30:21,653 - logger.py - INFO 开始校验登记结果
2019-04-03 14:30:21,657 - logger.py - INFO 登记非拼团操作成功
2019-04-03 14:30:21,661 - logger.py - INFO 开始执行数据库连接操作
2019-04-03 14:30:21,687 - logger.py - INFO 数据库连接成功
2019-04-03 14:30:21,692 - logger.py - INFO 开始执行sql语句
2019-04-03 14:30:21,696 - logger.py - INFO 执行语句：DELETE FROM dy_project_product_enregister_info WHERE user_phone_show='183****8888'
2019-04-03 14:30:21,737 - logger.py - INFO 关闭数据库连接
2019-04-03 14:30:21,741 - logger.py - INFO 开始执行数据库连接操作
2019-04-03 14:30:21,765 - logger.py - INFO 数据库连接成功
2019-04-03 14:30:21,769 - logger.py - INFO 开始执行sql语句
2019-04-03 14:30:21,772 - logger.py - INFO 执行语句：DELETE FROM dy_project_product_enregister_together_info WHERE originator_phone_show='183****8888'
2019-04-03 14:30:21,812 - logger.py - INFO 关闭数据库连接
2019-04-03 14:30:21,816 - logger.py - INFO 开始执行数据库连接操作
2019-04-03 14:30:21,841 - logger.py - INFO 数据库连接成功
2019-04-03 14:30:21,845 - logger.py - INFO 开始执行sql语句
2019-04-03 14:30:21,849 - logger.py - INFO 执行语句：UPDATE dy_project_product_enregister_together_info SET `now_togethe_num`=1 WHERE `together_id` = 1113317082612793346
2019-04-03 14:30:21,863 - logger.py - INFO 关闭数据库连接
2019-04-03 14:30:21,867 - logger.py - INFO 开始执行数据库连接操作
2019-04-03 14:30:21,893 - logger.py - INFO 数据库连接成功
2019-04-03 14:30:21,896 - logger.py - INFO 开始执行sql语句
2019-04-03 14:30:21,900 - logger.py - INFO 执行语句：DELETE from dy_instation_message WHERE uid='1113280649072508930' AND title='产品登记'
2019-04-03 14:30:21,938 - logger.py - INFO 关闭数据库连接
2019-04-03 14:30:21,941 - logger.py - INFO ===================================================================================
2019-04-03 14:30:21,945 - logger.py - INFO 开始执行登记拼团操作，使用数据{'productId': '21', 'enregisterShare': '20', 'togetherId': '1113317082612793346', 'isAutoSurvival': '2'}
2019-04-03 14:30:22,163 - logger.py - INFO 登记拼团操作状态码:200,返回数据为{"code":"000000","message":"请求成功","data":"1113317082612793346","sysMark":null}
2019-04-03 14:30:22,167 - logger.py - INFO 接口请求成功
2019-04-03 14:30:22,170 - logger.py - INFO 登记拼团操作成功
2019-04-03 14:30:22,173 - logger.py - INFO 开始执行数据库连接操作
2019-04-03 14:30:22,198 - logger.py - INFO 数据库连接成功
2019-04-03 14:30:22,201 - logger.py - INFO 开始执行sql语句
2019-04-03 14:30:22,205 - logger.py - INFO 执行语句：DELETE FROM dy_project_product_enregister_info WHERE user_phone_show='183****8888'
2019-04-03 14:30:22,237 - logger.py - INFO 关闭数据库连接
2019-04-03 14:30:22,241 - logger.py - INFO 开始执行数据库连接操作
2019-04-03 14:30:22,269 - logger.py - INFO 数据库连接成功
2019-04-03 14:30:22,273 - logger.py - INFO 开始执行sql语句
2019-04-03 14:30:22,276 - logger.py - INFO 执行语句：DELETE FROM dy_project_product_enregister_together_info WHERE originator_phone_show='183****8888'
2019-04-03 14:30:22,295 - logger.py - INFO 关闭数据库连接
2019-04-03 14:30:22,300 - logger.py - INFO 开始执行数据库连接操作
2019-04-03 14:30:22,324 - logger.py - INFO 数据库连接成功
2019-04-03 14:30:22,328 - logger.py - INFO 开始执行sql语句
2019-04-03 14:30:22,332 - logger.py - INFO 执行语句：UPDATE dy_project_product_enregister_together_info SET `now_togethe_num`=1 WHERE `together_id` = 1113317082612793346
2019-04-03 14:30:22,363 - logger.py - INFO 关闭数据库连接
2019-04-03 14:30:22,373 - logger.py - INFO 开始执行数据库连接操作
2019-04-03 14:30:22,406 - logger.py - INFO 数据库连接成功
2019-04-03 14:30:22,412 - logger.py - INFO 开始执行sql语句
2019-04-03 14:30:22,416 - logger.py - INFO 执行语句：DELETE from dy_instation_message WHERE uid='1113280649072508930' AND title='产品登记'
2019-04-03 14:30:22,447 - logger.py - INFO 关闭数据库连接
2019-04-03 14:30:22,451 - logger.py - INFO ===================================================================================
2019-04-03 14:30:23,517 - logger.py - INFO 开始测试前的账号登陆准备
2019-04-03 14:30:23,641 - logger.py - INFO 登陆成功，使用账号：18358338888
2019-04-03 14:30:23,645 - logger.py - INFO 开始执行登记非拼团操作，使用数据{'isAutoSurvival': '2', 'productId': '21', 'enregisterShare': '10'}
2019-04-03 14:30:23,841 - logger.py - INFO 登记非拼团操作状态码200,返回数据为{"code":"000000","message":"请求成功","data":"1113327869658038275","sysMark":null}
2019-04-03 14:30:23,845 - logger.py - INFO 接口请求成功，状态码200
2019-04-03 14:30:23,849 - logger.py - INFO 开始校验登记结果
2019-04-03 14:30:23,852 - logger.py - INFO 登记非拼团操作成功
2019-04-03 14:30:23,855 - logger.py - INFO 开始执行数据库连接操作
2019-04-03 14:30:23,885 - logger.py - INFO 数据库连接成功
2019-04-03 14:30:23,889 - logger.py - INFO 开始执行sql语句
2019-04-03 14:30:23,893 - logger.py - INFO 执行语句：DELETE FROM dy_project_product_enregister_info WHERE user_phone_show='183****8888'
2019-04-03 14:30:23,948 - logger.py - INFO 关闭数据库连接
2019-04-03 14:30:23,952 - logger.py - INFO 开始执行数据库连接操作
2019-04-03 14:30:23,975 - logger.py - INFO 数据库连接成功
2019-04-03 14:30:23,979 - logger.py - INFO 开始执行sql语句
2019-04-03 14:30:23,982 - logger.py - INFO 执行语句：DELETE FROM dy_project_product_enregister_together_info WHERE originator_phone_show='183****8888'
2019-04-03 14:30:24,025 - logger.py - INFO 关闭数据库连接
2019-04-03 14:30:24,029 - logger.py - INFO 开始执行数据库连接操作
2019-04-03 14:30:24,075 - logger.py - INFO 数据库连接成功
2019-04-03 14:30:24,081 - logger.py - INFO 开始执行sql语句
2019-04-03 14:30:24,085 - logger.py - INFO 执行语句：UPDATE dy_project_product_enregister_together_info SET `now_togethe_num`=1 WHERE `together_id` = 1113317082612793346
2019-04-03 14:30:24,100 - logger.py - INFO 关闭数据库连接
2019-04-03 14:30:24,104 - logger.py - INFO 开始执行数据库连接操作
2019-04-03 14:30:24,129 - logger.py - INFO 数据库连接成功
2019-04-03 14:30:24,133 - logger.py - INFO 开始执行sql语句
2019-04-03 14:30:24,136 - logger.py - INFO 执行语句：DELETE from dy_instation_message WHERE uid='1113280649072508930' AND title='产品登记'
2019-04-03 14:30:24,179 - logger.py - INFO 关闭数据库连接
2019-04-03 14:30:24,183 - logger.py - INFO ===================================================================================
2019-04-03 14:30:24,186 - logger.py - INFO 开始执行登记拼团操作，使用数据{'isAutoSurvival': '2', 'togetherId': '1113317082612793346', 'productId': '21', 'enregisterShare': '20'}
2019-04-03 14:30:24,728 - logger.py - INFO 登记拼团操作状态码:200,返回数据为{"code":"000000","message":"请求成功","data":"1113317082612793346","sysMark":null}
2019-04-03 14:30:24,732 - logger.py - INFO 接口请求成功
2019-04-03 14:30:24,735 - logger.py - INFO 登记拼团操作成功
2019-04-03 14:30:24,739 - logger.py - INFO 开始执行数据库连接操作
2019-04-03 14:30:24,769 - logger.py - INFO 数据库连接成功
2019-04-03 14:30:24,773 - logger.py - INFO 开始执行sql语句
2019-04-03 14:30:24,776 - logger.py - INFO 执行语句：DELETE FROM dy_project_product_enregister_info WHERE user_phone_show='183****8888'
2019-04-03 14:30:24,835 - logger.py - INFO 关闭数据库连接
2019-04-03 14:30:24,839 - logger.py - INFO 开始执行数据库连接操作
2019-04-03 14:30:24,866 - logger.py - INFO 数据库连接成功
2019-04-03 14:30:24,869 - logger.py - INFO 开始执行sql语句
2019-04-03 14:30:24,873 - logger.py - INFO 执行语句：DELETE FROM dy_project_product_enregister_together_info WHERE originator_phone_show='183****8888'
2019-04-03 14:30:24,885 - logger.py - INFO 关闭数据库连接
2019-04-03 14:30:24,889 - logger.py - INFO 开始执行数据库连接操作
2019-04-03 14:30:24,909 - logger.py - INFO 数据库连接成功
2019-04-03 14:30:24,913 - logger.py - INFO 开始执行sql语句
2019-04-03 14:30:24,916 - logger.py - INFO 执行语句：UPDATE dy_project_product_enregister_together_info SET `now_togethe_num`=1 WHERE `together_id` = 1113317082612793346
2019-04-03 14:30:24,974 - logger.py - INFO 关闭数据库连接
2019-04-03 14:30:24,978 - logger.py - INFO 开始执行数据库连接操作
2019-04-03 14:30:25,004 - logger.py - INFO 数据库连接成功
2019-04-03 14:30:25,010 - logger.py - INFO 开始执行sql语句
2019-04-03 14:30:25,014 - logger.py - INFO 执行语句：DELETE from dy_instation_message WHERE uid='1113280649072508930' AND title='产品登记'
2019-04-03 14:30:25,058 - logger.py - INFO 关闭数据库连接
2019-04-03 14:30:25,062 - logger.py - INFO ===================================================================================
2019-04-03 14:30:26,362 - logger.py - INFO 开始测试前的账号登陆准备
2019-04-03 14:30:26,637 - logger.py - INFO 登陆成功，使用账号：18358338888
2019-04-03 14:30:26,640 - logger.py - INFO 开始执行登记非拼团操作，使用数据{'enregisterShare': '10', 'isAutoSurvival': '2', 'productId': '21'}
2019-04-03 14:30:27,044 - logger.py - INFO 登记非拼团操作状态码200,返回数据为{"code":"000000","message":"请求成功","data":"1113327882207395842","sysMark":null}
2019-04-03 14:30:27,048 - logger.py - INFO 接口请求成功，状态码200
2019-04-03 14:30:27,051 - logger.py - INFO 开始校验登记结果
2019-04-03 14:30:27,054 - logger.py - INFO 登记非拼团操作成功
2019-04-03 14:30:27,057 - logger.py - INFO 开始执行数据库连接操作
2019-04-03 14:30:27,086 - logger.py - INFO 数据库连接成功
2019-04-03 14:30:27,090 - logger.py - INFO 开始执行sql语句
2019-04-03 14:30:27,093 - logger.py - INFO 执行语句：DELETE FROM dy_project_product_enregister_info WHERE user_phone_show='183****8888'
2019-04-03 14:30:27,191 - logger.py - INFO 关闭数据库连接
2019-04-03 14:30:27,195 - logger.py - INFO 开始执行数据库连接操作
2019-04-03 14:30:27,220 - logger.py - INFO 数据库连接成功
2019-04-03 14:30:27,225 - logger.py - INFO 开始执行sql语句
2019-04-03 14:30:27,228 - logger.py - INFO 执行语句：DELETE FROM dy_project_product_enregister_together_info WHERE originator_phone_show='183****8888'
2019-04-03 14:30:27,465 - logger.py - INFO 关闭数据库连接
2019-04-03 14:30:27,469 - logger.py - INFO 开始执行数据库连接操作
2019-04-03 14:30:27,494 - logger.py - INFO 数据库连接成功
2019-04-03 14:30:27,497 - logger.py - INFO 开始执行sql语句
2019-04-03 14:30:27,500 - logger.py - INFO 执行语句：UPDATE dy_project_product_enregister_together_info SET `now_togethe_num`=1 WHERE `together_id` = 1113317082612793346
2019-04-03 14:30:27,514 - logger.py - INFO 关闭数据库连接
2019-04-03 14:30:27,518 - logger.py - INFO 开始执行数据库连接操作
2019-04-03 14:30:27,549 - logger.py - INFO 数据库连接成功
2019-04-03 14:30:27,553 - logger.py - INFO 开始执行sql语句
2019-04-03 14:30:27,556 - logger.py - INFO 执行语句：DELETE from dy_instation_message WHERE uid='1113280649072508930' AND title='产品登记'
2019-04-03 14:30:27,606 - logger.py - INFO 关闭数据库连接
2019-04-03 14:30:27,610 - logger.py - INFO ===================================================================================
2019-04-03 14:30:27,613 - logger.py - INFO 开始执行登记拼团操作，使用数据{'enregisterShare': '20', 'togetherId': '1113317082612793346', 'isAutoSurvival': '2', 'productId': '21'}
2019-04-03 14:30:27,814 - logger.py - INFO 登记拼团操作状态码:200,返回数据为{"code":"000000","message":"请求成功","data":"1113317082612793346","sysMark":null}
2019-04-03 14:30:27,818 - logger.py - INFO 接口请求成功
2019-04-03 14:30:27,821 - logger.py - INFO 登记拼团操作成功
2019-04-03 14:30:27,824 - logger.py - INFO 开始执行数据库连接操作
2019-04-03 14:30:27,849 - logger.py - INFO 数据库连接成功
2019-04-03 14:30:27,853 - logger.py - INFO 开始执行sql语句
2019-04-03 14:30:27,856 - logger.py - INFO 执行语句：DELETE FROM dy_project_product_enregister_info WHERE user_phone_show='183****8888'
2019-04-03 14:30:27,906 - logger.py - INFO 关闭数据库连接
2019-04-03 14:30:27,910 - logger.py - INFO 开始执行数据库连接操作
2019-04-03 14:30:27,936 - logger.py - INFO 数据库连接成功
2019-04-03 14:30:27,940 - logger.py - INFO 开始执行sql语句
2019-04-03 14:30:27,943 - logger.py - INFO 执行语句：DELETE FROM dy_project_product_enregister_together_info WHERE originator_phone_show='183****8888'
2019-04-03 14:30:27,956 - logger.py - INFO 关闭数据库连接
2019-04-03 14:30:27,959 - logger.py - INFO 开始执行数据库连接操作
2019-04-03 14:30:27,989 - logger.py - INFO 数据库连接成功
2019-04-03 14:30:27,993 - logger.py - INFO 开始执行sql语句
2019-04-03 14:30:27,996 - logger.py - INFO 执行语句：UPDATE dy_project_product_enregister_together_info SET `now_togethe_num`=1 WHERE `together_id` = 1113317082612793346
2019-04-03 14:30:28,160 - logger.py - INFO 关闭数据库连接
2019-04-03 14:30:28,164 - logger.py - INFO 开始执行数据库连接操作
2019-04-03 14:30:28,190 - logger.py - INFO 数据库连接成功
2019-04-03 14:30:28,194 - logger.py - INFO 开始执行sql语句
2019-04-03 14:30:28,197 - logger.py - INFO 执行语句：DELETE from dy_instation_message WHERE uid='1113280649072508930' AND title='产品登记'
2019-04-03 14:30:28,248 - logger.py - INFO 关闭数据库连接
2019-04-03 14:30:28,252 - logger.py - INFO ===================================================================================
2019-04-03 14:31:44,123 - logger.py - INFO 开始测试前的账号登陆准备
2019-04-03 14:31:44,201 - logger.py - INFO 登陆成功，使用账号：18358338888
2019-04-03 14:31:44,206 - logger.py - INFO 开始执行登记非拼团操作，使用数据{'enregisterShare': '10', 'productId': '21', 'isAutoSurvival': '2'}
2019-04-03 14:31:44,628 - logger.py - INFO 登记非拼团操作状态码200,返回数据为{"code":"000000","message":"请求成功","data":"1113328207555362818","sysMark":null}
2019-04-03 14:31:44,632 - logger.py - INFO 接口请求成功，状态码200
2019-04-03 14:31:44,636 - logger.py - INFO 开始校验登记结果
2019-04-03 14:31:44,640 - logger.py - INFO 登记非拼团操作成功
2019-04-03 14:31:44,643 - logger.py - INFO 开始执行数据库连接操作
2019-04-03 14:31:44,675 - logger.py - INFO 开始执行sql语句
2019-04-03 14:31:44,679 - logger.py - INFO 执行语句：DELETE FROM dy_project_product_enregister_info WHERE user_phone_show='183****8888'
2019-04-03 14:31:44,714 - logger.py - INFO 关闭数据库连接
2019-04-03 14:31:44,741 - logger.py - INFO 开始执行sql语句
2019-04-03 14:31:44,745 - logger.py - INFO 执行语句：DELETE FROM dy_project_product_enregister_together_info WHERE originator_phone_show='183****8888'
2019-04-03 14:31:44,798 - logger.py - INFO 关闭数据库连接
2019-04-03 14:31:44,835 - logger.py - INFO 开始执行sql语句
2019-04-03 14:31:44,839 - logger.py - INFO 执行语句：UPDATE dy_project_product_enregister_together_info SET `now_togethe_num`=1 WHERE `together_id` = 1113317082612793346
2019-04-03 14:31:44,853 - logger.py - INFO 关闭数据库连接
2019-04-03 14:31:44,885 - logger.py - INFO 开始执行sql语句
2019-04-03 14:31:44,889 - logger.py - INFO 执行语句：DELETE from dy_instation_message WHERE uid='1113280649072508930' AND title='产品登记'
2019-04-03 14:31:44,922 - logger.py - INFO 关闭数据库连接
2019-04-03 14:31:44,926 - logger.py - INFO ===================================================================================
2019-04-03 14:31:44,931 - logger.py - INFO 开始执行登记拼团操作，使用数据{'enregisterShare': '20', 'productId': '21', 'togetherId': '1113317082612793346', 'isAutoSurvival': '2'}
2019-04-03 14:31:45,125 - logger.py - INFO 登记拼团操作状态码:200,返回数据为{"code":"000000","message":"请求成功","data":"1113317082612793346","sysMark":null}
2019-04-03 14:31:45,129 - logger.py - INFO 接口请求成功
2019-04-03 14:31:45,134 - logger.py - INFO 登记拼团操作成功
2019-04-03 14:31:45,138 - logger.py - INFO 开始执行数据库连接操作
2019-04-03 14:31:45,180 - logger.py - INFO 开始执行sql语句
2019-04-03 14:31:45,184 - logger.py - INFO 执行语句：DELETE FROM dy_project_product_enregister_info WHERE user_phone_show='183****8888'
2019-04-03 14:31:45,222 - logger.py - INFO 关闭数据库连接
2019-04-03 14:31:45,275 - logger.py - INFO 开始执行sql语句
2019-04-03 14:31:45,279 - logger.py - INFO 执行语句：DELETE FROM dy_project_product_enregister_together_info WHERE originator_phone_show='183****8888'
2019-04-03 14:31:45,295 - logger.py - INFO 关闭数据库连接
2019-04-03 14:31:45,350 - logger.py - INFO 开始执行sql语句
2019-04-03 14:31:45,354 - logger.py - INFO 执行语句：UPDATE dy_project_product_enregister_together_info SET `now_togethe_num`=1 WHERE `together_id` = 1113317082612793346
2019-04-03 14:31:45,429 - logger.py - INFO 关闭数据库连接
2019-04-03 14:31:45,472 - logger.py - INFO 开始执行sql语句
2019-04-03 14:31:45,476 - logger.py - INFO 执行语句：DELETE from dy_instation_message WHERE uid='1113280649072508930' AND title='产品登记'
2019-04-03 14:31:45,555 - logger.py - INFO 关闭数据库连接
2019-04-03 14:31:45,560 - logger.py - INFO ===================================================================================
2019-04-03 14:32:35,371 - logger.py - INFO 开始测试前的账号登陆准备
2019-04-03 14:32:35,452 - logger.py - INFO 登陆成功，使用账号：18358338888
2019-04-03 14:32:35,457 - logger.py - INFO 开始执行登记非拼团操作，使用数据{'isAutoSurvival': '2', 'productId': '21', 'enregisterShare': '10'}
2019-04-03 14:32:35,774 - logger.py - INFO 登记非拼团操作状态码200,返回数据为{"code":"000000","message":"请求成功","data":"1113328422526025730","sysMark":null}
2019-04-03 14:32:35,778 - logger.py - INFO 接口请求成功，状态码200
2019-04-03 14:32:35,782 - logger.py - INFO 开始校验登记结果
2019-04-03 14:32:35,786 - logger.py - INFO 登记非拼团操作成功
2019-04-03 14:32:35,790 - logger.py - INFO 开始执行数据库连接操作
2019-04-03 14:32:35,818 - logger.py - INFO 开始执行sql语句
2019-04-03 14:32:35,821 - logger.py - INFO 执行语句：DELETE FROM dy_project_product_enregister_info WHERE user_phone_show='183****8888'
2019-04-03 14:32:35,891 - logger.py - INFO 开始执行sql语句
2019-04-03 14:32:35,895 - logger.py - INFO 执行语句：DELETE FROM dy_project_product_enregister_together_info WHERE originator_phone_show='183****8888'
2019-04-03 14:32:35,969 - logger.py - INFO 开始执行sql语句
2019-04-03 14:32:35,973 - logger.py - INFO 执行语句：UPDATE dy_project_product_enregister_together_info SET `now_togethe_num`=1 WHERE `together_id` = 1113317082612793346
2019-04-03 14:32:36,009 - logger.py - INFO 开始执行sql语句
2019-04-03 14:32:36,013 - logger.py - INFO 执行语句：DELETE from dy_instation_message WHERE uid='1113280649072508930' AND title='产品登记'
2019-04-03 14:32:36,050 - logger.py - INFO 关闭数据库连接
2019-04-03 14:32:36,054 - logger.py - INFO ===================================================================================
2019-04-03 14:32:36,057 - logger.py - INFO 开始执行登记拼团操作，使用数据{'isAutoSurvival': '2', 'productId': '21', 'enregisterShare': '20', 'togetherId': '1113317082612793346'}
2019-04-03 14:32:36,338 - logger.py - INFO 登记拼团操作状态码:200,返回数据为{"code":"000000","message":"请求成功","data":"1113317082612793346","sysMark":null}
2019-04-03 14:32:36,342 - logger.py - INFO 接口请求成功
2019-04-03 14:32:36,346 - logger.py - INFO 登记拼团操作成功
2019-04-03 14:32:36,350 - logger.py - INFO 开始执行数据库连接操作
2019-04-03 14:32:36,382 - logger.py - INFO 开始执行sql语句
2019-04-03 14:32:36,385 - logger.py - INFO 执行语句：DELETE FROM dy_project_product_enregister_info WHERE user_phone_show='183****8888'
2019-04-03 14:32:36,545 - logger.py - INFO 开始执行sql语句
2019-04-03 14:32:36,550 - logger.py - INFO 执行语句：DELETE FROM dy_project_product_enregister_together_info WHERE originator_phone_show='183****8888'
2019-04-03 14:32:36,595 - logger.py - INFO 开始执行sql语句
2019-04-03 14:32:36,600 - logger.py - INFO 执行语句：UPDATE dy_project_product_enregister_together_info SET `now_togethe_num`=1 WHERE `together_id` = 1113317082612793346
2019-04-03 14:32:36,654 - logger.py - INFO 开始执行sql语句
2019-04-03 14:32:36,658 - logger.py - INFO 执行语句：DELETE from dy_instation_message WHERE uid='1113280649072508930' AND title='产品登记'
2019-04-03 14:32:36,690 - logger.py - INFO 关闭数据库连接
2019-04-03 14:32:36,694 - logger.py - INFO ===================================================================================
2019-04-03 14:45:40,989 - logger.py - INFO 开始运行用例前的数据清理
2019-04-03 14:45:41,048 - logger.py - INFO 开始执行sql语句
2019-04-03 14:45:41,052 - logger.py - INFO 执行语句：DELETE FROM dy_project_product_enregister_info WHERE user_phone_show='183****8888'
2019-04-03 14:45:41,118 - logger.py - INFO 开始执行sql语句
2019-04-03 14:45:41,122 - logger.py - INFO 执行语句：DELETE FROM dy_project_product_enregister_together_info WHERE originator_phone_show='183****8888'
2019-04-03 14:45:41,196 - logger.py - INFO 开始执行sql语句
2019-04-03 14:45:41,200 - logger.py - INFO 执行语句：UPDATE dy_project_product_enregister_together_info SET `now_togethe_num`=1 WHERE `together_id` = 1113317082612793346
2019-04-03 14:45:41,265 - logger.py - INFO 开始执行sql语句
2019-04-03 14:45:41,269 - logger.py - INFO 执行语句：DELETE from dy_instation_message WHERE uid='1113280649072508930' AND title='产品登记'
2019-04-03 14:45:41,300 - logger.py - INFO 数据清理成功，关闭数据库连接
2019-04-03 14:45:41,303 - logger.py - INFO 开始测试前的账号登陆准备
2019-04-03 14:45:41,467 - logger.py - INFO 登陆成功，使用账号：18358338888
2019-04-03 14:45:41,470 - logger.py - INFO 开始执行登记拼团操作，使用数据{'togetherId': '1113317082612793346', 'enregisterShare': '20', 'productId': '21', 'isAutoSurvival': '2'}
2019-04-03 14:45:41,953 - logger.py - INFO 登记拼团操作状态码:200,返回数据为{"code":"000000","message":"请求成功","data":"1113317082612793346","sysMark":null}
2019-04-03 14:45:41,956 - logger.py - INFO 接口请求成功
2019-04-03 14:45:41,960 - logger.py - INFO 登记拼团操作成功
2019-04-03 14:45:41,964 - logger.py - INFO ===================================================================================
2019-04-03 14:46:12,795 - logger.py - INFO 开始运行用例前的数据清理
2019-04-03 14:46:12,818 - logger.py - INFO 开始执行sql语句
2019-04-03 14:46:12,821 - logger.py - INFO 执行语句：DELETE FROM dy_project_product_enregister_info WHERE user_phone_show='183****8888'
2019-04-03 14:46:12,896 - logger.py - INFO 开始执行sql语句
2019-04-03 14:46:12,899 - logger.py - INFO 执行语句：DELETE FROM dy_project_product_enregister_together_info WHERE originator_phone_show='183****8888'
2019-04-03 14:46:12,939 - logger.py - INFO 开始执行sql语句
2019-04-03 14:46:12,943 - logger.py - INFO 执行语句：UPDATE dy_project_product_enregister_together_info SET `now_togethe_num`=1 WHERE `together_id` = 1113317082612793346
2019-04-03 14:46:13,012 - logger.py - INFO 开始执行sql语句
2019-04-03 14:46:13,016 - logger.py - INFO 执行语句：DELETE from dy_instation_message WHERE uid='1113280649072508930' AND title='产品登记'
2019-04-03 14:46:13,066 - logger.py - INFO 数据清理成功，关闭数据库连接
2019-04-03 14:46:13,070 - logger.py - INFO 开始测试前的账号登陆准备
2019-04-03 14:46:13,162 - logger.py - INFO 登陆成功，使用账号：18358338888
2019-04-03 14:46:13,167 - logger.py - INFO 开始执行登记拼团操作，使用数据{'enregisterShare': '20', 'togetherId': '1113317082612793346', 'isAutoSurvival': '2', 'productId': '21'}
2019-04-03 14:46:13,652 - logger.py - INFO 登记拼团操作状态码:200,返回数据为{"code":"000000","message":"请求成功","data":"1113317082612793346","sysMark":null}
2019-04-03 14:46:13,657 - logger.py - INFO 接口请求成功
2019-04-03 14:46:13,661 - logger.py - INFO 登记拼团操作成功
2019-04-03 14:46:13,664 - logger.py - INFO ===================================================================================
2019-04-03 14:46:29,271 - logger.py - INFO 开始运行用例前的数据清理
2019-04-03 14:46:29,306 - logger.py - INFO 开始执行sql语句
2019-04-03 14:46:29,310 - logger.py - INFO 执行语句：DELETE FROM dy_project_product_enregister_info WHERE user_phone_show='183****8888'
2019-04-03 14:46:29,381 - logger.py - INFO 开始执行sql语句
2019-04-03 14:46:29,384 - logger.py - INFO 执行语句：DELETE FROM dy_project_product_enregister_together_info WHERE originator_phone_show='183****8888'
2019-04-03 14:46:29,424 - logger.py - INFO 开始执行sql语句
2019-04-03 14:46:29,428 - logger.py - INFO 执行语句：UPDATE dy_project_product_enregister_together_info SET `now_togethe_num`=1 WHERE `together_id` = 1113317082612793346
2019-04-03 14:46:29,492 - logger.py - INFO 开始执行sql语句
2019-04-03 14:46:29,499 - logger.py - INFO 执行语句：DELETE from dy_instation_message WHERE uid='1113280649072508930' AND title='产品登记'
2019-04-03 14:46:29,543 - logger.py - INFO 数据清理成功，关闭数据库连接
2019-04-03 14:46:29,547 - logger.py - INFO 开始测试前的账号登陆准备
2019-04-03 14:46:29,633 - logger.py - INFO 登陆成功，使用账号：18358338888
2019-04-03 14:46:29,637 - logger.py - INFO 开始执行登记拼团操作，使用数据{'togetherId': '1113317082612793346', 'isAutoSurvival': '2', 'productId': '21', 'enregisterShare': '20'}
2019-04-03 14:46:29,911 - logger.py - INFO 登记拼团操作状态码:200,返回数据为{"code":"000000","message":"请求成功","data":"1113317082612793346","sysMark":null}
2019-04-03 14:46:29,915 - logger.py - INFO 接口请求成功
2019-04-03 14:46:29,919 - logger.py - INFO 登记拼团操作成功
2019-04-03 14:46:29,922 - logger.py - INFO ===================================================================================
2019-04-03 14:54:22,822 - logger.py - INFO 开始运行用例前的数据清理
2019-04-03 14:54:22,852 - logger.py - INFO 开始执行sql语句
2019-04-03 14:54:22,856 - logger.py - INFO 执行语句：DELETE FROM dy_project_product_enregister_info WHERE user_phone_show='183****8888'
2019-04-03 14:54:22,911 - logger.py - INFO 开始执行sql语句
2019-04-03 14:54:22,915 - logger.py - INFO 执行语句：DELETE FROM dy_project_product_enregister_together_info WHERE originator_phone_show='183****8888'
2019-04-03 14:54:22,954 - logger.py - INFO 开始执行sql语句
2019-04-03 14:54:22,958 - logger.py - INFO 执行语句：UPDATE dy_project_product_enregister_together_info SET `now_togethe_num`=1 WHERE `together_id` = 1113317082612793346
2019-04-03 14:54:23,022 - logger.py - INFO 开始执行sql语句
2019-04-03 14:54:23,026 - logger.py - INFO 执行语句：DELETE from dy_instation_message WHERE uid='1113280649072508930' AND title='产品登记'
2019-04-03 14:54:23,058 - logger.py - INFO 数据清理成功，关闭数据库连接
2019-04-03 14:54:23,061 - logger.py - INFO 开始测试前的账号登陆准备
2019-04-03 14:54:23,126 - logger.py - INFO 登陆成功，使用账号：18358338888
2019-04-03 14:54:23,130 - logger.py - INFO 开始执行登记非拼团操作，使用数据{'isAutoSurvival': '2', 'productId': '21', 'enregisterShare': '20'}
2019-04-03 14:54:23,366 - logger.py - INFO 登记非拼团操作状态码:200,返回数据为{"code":"000000","message":"请求成功","data":"1113333907312508930","sysMark":null}
2019-04-03 14:54:23,370 - logger.py - INFO 接口请求成功
2019-04-03 14:54:23,374 - logger.py - INFO 登记非拼团操作成功
2019-04-03 14:54:23,378 - logger.py - INFO ===================================================================================
2019-04-03 14:55:11,074 - logger.py - INFO 开始运行用例前的数据清理
2019-04-03 14:55:11,101 - logger.py - INFO 开始执行sql语句
2019-04-03 14:55:11,104 - logger.py - INFO 执行语句：DELETE FROM dy_project_product_enregister_info WHERE user_phone_show='183****8888'
2019-04-03 14:55:11,167 - logger.py - INFO 开始执行sql语句
2019-04-03 14:55:11,170 - logger.py - INFO 执行语句：DELETE FROM dy_project_product_enregister_together_info WHERE originator_phone_show='183****8888'
2019-04-03 14:55:11,234 - logger.py - INFO 开始执行sql语句
2019-04-03 14:55:11,237 - logger.py - INFO 执行语句：UPDATE dy_project_product_enregister_together_info SET `now_togethe_num`=1 WHERE `together_id` = 1113317082612793346
2019-04-03 14:55:11,281 - logger.py - INFO 开始执行sql语句
2019-04-03 14:55:11,286 - logger.py - INFO 执行语句：DELETE from dy_instation_message WHERE uid='1113280649072508930' AND title='产品登记'
2019-04-03 14:55:11,329 - logger.py - INFO 数据清理成功，关闭数据库连接
2019-04-03 14:55:11,334 - logger.py - INFO 开始测试前的账号登陆准备
2019-04-03 14:55:11,454 - logger.py - INFO 登陆成功，使用账号：18358338888
2019-04-03 14:55:11,459 - logger.py - INFO 开始执行登记非拼团操作，使用数据{'isAutoSurvival': '2', 'enregisterShare': '10', 'productId': '21'}
2019-04-03 14:55:11,885 - logger.py - INFO 登记非拼团操作状态码:200,返回数据为{"code":"000000","message":"请求成功","data":"1113334110027415555","sysMark":null}
2019-04-03 14:55:11,889 - logger.py - INFO 接口请求成功
2019-04-03 14:55:11,892 - logger.py - INFO 登记非拼团操作成功
2019-04-03 14:55:11,896 - logger.py - INFO ===================================================================================
