2019-04-01 18:02:36,881 - logger.py - INFO 开始登录前获取验证码操作,使用手机号18358332002
2019-04-01 18:02:36,921 - logger.py - INFO 获取验证码操作结果{'data': None, 'message': '请求成功', 'sysMark': None, 'code': '000000'}
2019-04-01 18:02:36,924 - logger.py - INFO 获取是否获取验证码成功:请求成功
2019-04-01 18:02:36,928 - logger.py - INFO 开始执行登录操作
2019-04-01 18:02:36,959 - logger.py - INFO 获取是否登录成功结果:请求成功
2019-04-01 18:02:36,963 - logger.py - INFO 获取登录成功之后的token:eyJ0eXAiOiJKV1QiLCJhbGciOiJIUzI1NiJ9.eyJ1aWQiOiIxMTAzMjA4OTA4NzcwMDE3MjgyIiwiaXNzIjoiZGF5YW4iLCJuYW1lIjoi5byg5YWI55SfIiwiZXhwIjoxNTU0Mjg1NzU3LCJfIjoxNTU0MTEyOTU3MDgzfQ.-z_cHH2NVTPanZYflOJrsZd5jYK5Xwgt7sDmbXVQ5pw
2019-04-01 18:06:59,591 - logger.py - INFO 开始登录前获取验证码操作,使用手机号18358332002
2019-04-01 18:06:59,640 - logger.py - INFO 获取验证码操作结果{'data': None, 'sysMark': None, 'code': '000000', 'message': '请求成功'}
2019-04-01 18:06:59,643 - logger.py - INFO 获取是否获取验证码成功:请求成功
2019-04-01 18:06:59,646 - logger.py - INFO 开始执行登录操作
2019-04-01 18:06:59,677 - logger.py - INFO 获取是否登录成功结果:请求成功
2019-04-01 18:06:59,683 - logger.py - INFO 获取登录成功之后的token:eyJ0eXAiOiJKV1QiLCJhbGciOiJIUzI1NiJ9.eyJ1aWQiOiIxMTAzMjA4OTA4NzcwMDE3MjgyIiwiaXNzIjoiZGF5YW4iLCJuYW1lIjoi5byg5YWI55SfIiwiZXhwIjoxNTU0Mjg2MDE5LCJfIjoxNTU0MTEzMjE5ODAzfQ.5U1T8oJCsCajrwXgD3GI6CsCy-zycUbp10Xi3__Aqwo
2019-04-01 18:09:55,957 - logger.py - INFO 开始登录前获取验证码操作,使用手机号18358332002
2019-04-01 18:09:55,998 - logger.py - INFO 获取验证码操作结果{'code': '000000', 'data': None, 'message': '请求成功', 'sysMark': None}
2019-04-01 18:09:56,002 - logger.py - INFO 获取是否获取验证码成功:请求成功
2019-04-01 18:09:56,005 - logger.py - INFO 开始执行登录操作
2019-04-01 18:09:56,034 - logger.py - INFO 获取是否登录成功结果:请求成功
2019-04-01 18:09:56,038 - logger.py - INFO 获取登录成功之后的token:eyJ0eXAiOiJKV1QiLCJhbGciOiJIUzI1NiJ9.eyJ1aWQiOiIxMTAzMjA4OTA4NzcwMDE3MjgyIiwiaXNzIjoiZGF5YW4iLCJuYW1lIjoi5byg5YWI55SfIiwiZXhwIjoxNTU0Mjg2MTk2LCJfIjoxNTU0MTEzMzk2MTYyfQ.PYyMXKr4EMAR3zkz4es0LJJnCER-45_6luYG8vQekPM
2019-04-01 18:18:42,997 - logger.py - INFO 开始登录前获取验证码操作,使用手机号18358332002
2019-04-01 18:18:43,042 - logger.py - INFO 获取验证码操作结果{'data': None, 'message': '请求成功', 'code': '000000', 'sysMark': None}
2019-04-01 18:18:43,045 - logger.py - INFO 获取是否获取验证码成功:请求成功
2019-04-01 18:18:43,048 - logger.py - INFO 开始执行登录操作
2019-04-01 18:18:43,076 - logger.py - INFO 获取是否登录成功结果:请求成功
2019-04-01 18:18:43,079 - logger.py - INFO 获取登录成功之后的token:eyJ0eXAiOiJKV1QiLCJhbGciOiJIUzI1NiJ9.eyJ1aWQiOiIxMTAzMjA4OTA4NzcwMDE3MjgyIiwiaXNzIjoiZGF5YW4iLCJuYW1lIjoi5byg5YWI55SfIiwiZXhwIjoxNTU0Mjg2NzIzLCJfIjoxNTU0MTEzOTIzMjA3fQ.XT03jdnw40SK_xDVts5vWxWadIVhAID77-JQZ4CLMoY
2019-04-01 18:43:15,144 - logger.py - INFO 开始登录前获取验证码操作,使用手机号18358332002
2019-04-01 18:43:15,190 - logger.py - INFO 获取验证码操作结果{'data': None, 'sysMark': None, 'code': '000000', 'message': '请求成功'}
2019-04-01 18:43:15,193 - logger.py - INFO 获取是否获取验证码成功:请求成功
2019-04-01 18:43:15,196 - logger.py - INFO 开始执行登录操作
2019-04-01 18:43:15,232 - logger.py - INFO 获取是否登录成功结果:请求成功
2019-04-01 18:43:15,236 - logger.py - INFO 获取登录成功之后的token:eyJ0eXAiOiJKV1QiLCJhbGciOiJIUzI1NiJ9.eyJ1aWQiOiIxMTAzMjA4OTA4NzcwMDE3MjgyIiwiaXNzIjoiZGF5YW4iLCJuYW1lIjoi5byg5YWI55SfIiwiZXhwIjoxNTU0Mjg4MTk1LCJfIjoxNTU0MTE1Mzk1MzY0fQ.EBsEIHOZXU_UsEM1jcE_QYUnj7j9bCzX9fhGAjNhB9k
2019-04-01 18:44:04,436 - logger.py - INFO 开始登录前获取验证码操作,使用手机号18358332002
2019-04-01 18:44:04,489 - logger.py - INFO 获取验证码操作结果{'data': None, 'message': '请求成功', 'code': '000000', 'sysMark': None}
2019-04-01 18:44:04,493 - logger.py - INFO 获取是否获取验证码成功:请求成功
2019-04-01 18:44:04,496 - logger.py - INFO 开始执行登录操作
2019-04-01 18:44:04,528 - logger.py - INFO 获取是否登录成功结果:请求成功
2019-04-01 18:44:04,532 - logger.py - INFO 获取登录成功之后的token:eyJ0eXAiOiJKV1QiLCJhbGciOiJIUzI1NiJ9.eyJ1aWQiOiIxMTAzMjA4OTA4NzcwMDE3MjgyIiwiaXNzIjoiZGF5YW4iLCJuYW1lIjoi5byg5YWI55SfIiwiZXhwIjoxNTU0Mjg4MjQ0LCJfIjoxNTU0MTE1NDQ0NjYwfQ.0c3TvCC4AgD7icrl3xhXboaYAZCSH-9dAIoILeB_t78
2019-04-01 18:44:20,476 - logger.py - INFO 开始登录前获取验证码操作,使用手机号18358332002
2019-04-01 18:44:20,518 - logger.py - INFO 获取验证码操作结果{'sysMark': None, 'message': '请求成功', 'code': '000000', 'data': None}
2019-04-01 18:44:20,527 - logger.py - INFO 获取是否获取验证码成功:请求成功
2019-04-01 18:44:20,532 - logger.py - INFO 开始执行登录操作
2019-04-01 18:44:20,563 - logger.py - INFO 获取是否登录成功结果:请求成功
2019-04-01 18:44:20,571 - logger.py - INFO 获取登录成功之后的token:eyJ0eXAiOiJKV1QiLCJhbGciOiJIUzI1NiJ9.eyJ1aWQiOiIxMTAzMjA4OTA4NzcwMDE3MjgyIiwiaXNzIjoiZGF5YW4iLCJuYW1lIjoi5byg5YWI55SfIiwiZXhwIjoxNTU0Mjg4MjYwLCJfIjoxNTU0MTE1NDYwNjk3fQ.tmFHcKDsTW3OeObLU8vstA4CxFLUVgPd8K13rXZYqNQ
