2019-03-25 11:04:57,657 - logger.py - INFO 开始登录前获取验证码操作,使用手机号18358331453
2019-03-25 11:04:57,701 - logger.py - INFO 获取验证码操作结果{'code': '000000', 'sysMark': None, 'data': None, 'message': '请求成功'}
2019-03-25 11:04:57,704 - logger.py - INFO 获取是否获取验证码成功:请求成功
2019-03-25 11:04:57,707 - logger.py - INFO 开始执行登录操作
2019-03-25 11:04:57,734 - logger.py - INFO 获取是否登录成功结果:请求成功
2019-03-25 11:04:57,737 - logger.py - INFO 获取登录成功之后的token:eyJ0eXAiOiJKV1QiLCJhbGciOiJIUzI1NiJ9.eyJ1aWQiOiIxMDk3Njg0MTI4Mjc2OTcxNTIyIiwiaXNzIjoiZGF5YW4iLCJuYW1lIjoi5p2o5YWI55SfIiwiZXhwIjoxNTUzNjU1ODk3LCJfIjoxNTUzNDgzMDk3NzUwfQ.-9FPI14zE-ro_eJAvZgKKLRCzopv4jaJ_-ssHJicWLM
2019-03-25 11:05:44,071 - logger.py - INFO 开始登录前获取验证码操作,使用手机号18358331453
2019-03-25 11:05:44,111 - logger.py - INFO 获取验证码操作结果{'message': '请求成功', 'code': '000000', 'sysMark': None, 'data': None}
2019-03-25 11:05:44,114 - logger.py - INFO 获取是否获取验证码成功:请求成功
2019-03-25 11:05:44,118 - logger.py - INFO 开始执行登录操作
2019-03-25 11:05:44,142 - logger.py - INFO 获取是否登录成功结果:请求成功
2019-03-25 11:05:44,145 - logger.py - INFO 获取登录成功之后的token:eyJ0eXAiOiJKV1QiLCJhbGciOiJIUzI1NiJ9.eyJ1aWQiOiIxMDk3Njg0MTI4Mjc2OTcxNTIyIiwiaXNzIjoiZGF5YW4iLCJuYW1lIjoi5p2o5YWI55SfIiwiZXhwIjoxNTUzNjU1OTQ0LCJfIjoxNTUzNDgzMTQ0MTYwfQ.nS8PglULK3n2wWqiJkwzJVTwVg_BDPrz1z5bj65x4Ls
2019-03-25 11:06:27,087 - logger.py - INFO 开始登录前获取验证码操作,使用手机号18358331453
2019-03-25 11:06:27,127 - logger.py - INFO 获取验证码操作结果{'data': None, 'code': '000000', 'sysMark': None, 'message': '请求成功'}
2019-03-25 11:06:27,131 - logger.py - INFO 获取是否获取验证码成功:请求成功
2019-03-25 11:06:27,134 - logger.py - INFO 开始执行登录操作
2019-03-25 11:06:27,159 - logger.py - INFO 获取是否登录成功结果:请求成功
2019-03-25 11:06:27,162 - logger.py - INFO 获取登录成功之后的token:eyJ0eXAiOiJKV1QiLCJhbGciOiJIUzI1NiJ9.eyJ1aWQiOiIxMDk3Njg0MTI4Mjc2OTcxNTIyIiwiaXNzIjoiZGF5YW4iLCJuYW1lIjoi5p2o5YWI55SfIiwiZXhwIjoxNTUzNjU1OTg3LCJfIjoxNTUzNDgzMTg3MTc1fQ.XM9G-A3VmbSiHzURxB9_vDeA9mKj97dQQj_Y2CZn0so
2019-03-25 11:06:58,811 - logger.py - INFO 开始登录前获取验证码操作,使用手机号18358331453
2019-03-25 11:06:58,848 - logger.py - INFO 获取验证码操作结果{'sysMark': None, 'message': '请求成功', 'data': None, 'code': '000000'}
2019-03-25 11:06:58,854 - logger.py - INFO 获取是否获取验证码成功:请求成功
2019-03-25 11:06:58,868 - logger.py - INFO 开始执行登录操作
2019-03-25 11:06:58,895 - logger.py - INFO 获取是否登录成功结果:请求成功
2019-03-25 11:06:58,901 - logger.py - INFO 获取登录成功之后的token:eyJ0eXAiOiJKV1QiLCJhbGciOiJIUzI1NiJ9.eyJ1aWQiOiIxMDk3Njg0MTI4Mjc2OTcxNTIyIiwiaXNzIjoiZGF5YW4iLCJuYW1lIjoi5p2o5YWI55SfIiwiZXhwIjoxNTUzNjU2MDE4LCJfIjoxNTUzNDgzMjE4OTExfQ.N99uUMVhuOG5JbuNNHcWhtp0T6wblBgzBvnB9D_5VWg
2019-03-25 11:31:24,291 - logger.py - INFO 开始登录前获取验证码操作,使用手机号18358331453
2019-03-25 11:31:24,335 - logger.py - INFO 获取验证码操作结果{'code': '000000', 'data': None, 'sysMark': None, 'message': '请求成功'}
2019-03-25 11:31:24,341 - logger.py - INFO 获取是否获取验证码成功:请求成功
2019-03-25 11:31:24,347 - logger.py - INFO 开始执行登录操作
2019-03-25 11:31:24,374 - logger.py - INFO 获取是否登录成功结果:请求成功
2019-03-25 11:31:24,378 - logger.py - INFO 获取登录成功之后的token:eyJ0eXAiOiJKV1QiLCJhbGciOiJIUzI1NiJ9.eyJ1aWQiOiIxMDk3Njg0MTI4Mjc2OTcxNTIyIiwiaXNzIjoiZGF5YW4iLCJuYW1lIjoi5p2o5YWI55SfIiwiZXhwIjoxNTUzNjU3NDg0LCJfIjoxNTUzNDg0Njg0Mzk2fQ.hsiVbu4ZwikciHrAJgn3bYlaU0mFYXpzXqNP2tf6OS4
2019-03-25 11:34:39,058 - logger.py - INFO 开始登录前获取验证码操作,使用手机号18358331453
2019-03-25 11:34:39,098 - logger.py - INFO 获取验证码操作结果{'data': None, 'sysMark': None, 'message': '请求成功', 'code': '000000'}
2019-03-25 11:34:39,103 - logger.py - INFO 获取是否获取验证码成功:请求成功
2019-03-25 11:34:39,106 - logger.py - INFO 开始执行登录操作
2019-03-25 11:34:39,132 - logger.py - INFO 获取是否登录成功结果:请求成功
2019-03-25 11:34:39,135 - logger.py - INFO 获取登录成功之后的token:eyJ0eXAiOiJKV1QiLCJhbGciOiJIUzI1NiJ9.eyJ1aWQiOiIxMDk3Njg0MTI4Mjc2OTcxNTIyIiwiaXNzIjoiZGF5YW4iLCJuYW1lIjoi5p2o5YWI55SfIiwiZXhwIjoxNTUzNjU3Njc5LCJfIjoxNTUzNDg0ODc5MTU2fQ.ZVrlWYoMFgvjssC8gqT32wBbiS6v4IxYiae8Tmt-eUI
2019-03-25 11:38:13,269 - logger.py - INFO 开始登录前获取验证码操作,使用手机号18358331453
2019-03-25 11:38:13,312 - logger.py - INFO 获取验证码操作结果{'data': None, 'message': '请求成功', 'sysMark': None, 'code': '000000'}
2019-03-25 11:38:13,316 - logger.py - INFO 获取是否获取验证码成功:请求成功
2019-03-25 11:38:13,320 - logger.py - INFO 开始执行登录操作
2019-03-25 11:38:13,347 - logger.py - INFO 获取是否登录成功结果:请求成功
2019-03-25 11:38:13,350 - logger.py - INFO 获取登录成功之后的token:eyJ0eXAiOiJKV1QiLCJhbGciOiJIUzI1NiJ9.eyJ1aWQiOiIxMDk3Njg0MTI4Mjc2OTcxNTIyIiwiaXNzIjoiZGF5YW4iLCJuYW1lIjoi5p2o5YWI55SfIiwiZXhwIjoxNTUzNjU3ODkzLCJfIjoxNTUzNDg1MDkzMzcxfQ.y9YKGolkhIsn-jGN-ofmBhRol1JVPzf5uA6s_h3-5RE
2019-03-25 11:52:04,752 - logger.py - INFO 开始登录前获取验证码操作,使用手机号18358331453
2019-03-25 11:52:04,787 - logger.py - INFO 获取验证码操作结果{'data': None, 'code': '000000', 'message': '请求成功', 'sysMark': None}
2019-03-25 11:52:04,791 - logger.py - INFO 获取是否获取验证码成功:请求成功
2019-03-25 11:52:04,795 - logger.py - INFO 开始执行登录操作
2019-03-25 11:52:04,825 - logger.py - INFO 获取是否登录成功结果:请求成功
2019-03-25 11:52:04,828 - logger.py - INFO 获取登录成功之后的token:eyJ0eXAiOiJKV1QiLCJhbGciOiJIUzI1NiJ9.eyJ1aWQiOiIxMDk3Njg0MTI4Mjc2OTcxNTIyIiwiaXNzIjoiZGF5YW4iLCJuYW1lIjoi5p2o5YWI55SfIiwiZXhwIjoxNTUzNjU4NzI0LCJfIjoxNTUzNDg1OTI0ODUwfQ.TXbKr_cQakAE3gWdn7jmC1o5biUBwdqTe1I1NNushEc
2019-03-25 13:38:15,251 - logger.py - INFO 开始登录前获取验证码操作,使用手机号18358331453
2019-03-25 13:38:15,324 - logger.py - INFO 获取验证码操作结果{'message': '请求成功', 'code': '000000', 'sysMark': None, 'data': None}
2019-03-25 13:38:15,327 - logger.py - INFO 获取是否获取验证码成功:请求成功
2019-03-25 13:38:15,330 - logger.py - INFO 开始执行登录操作
2019-03-25 13:38:15,381 - logger.py - INFO 获取是否登录成功结果:请求成功
2019-03-25 13:38:15,385 - logger.py - INFO 获取登录成功之后的token:eyJ0eXAiOiJKV1QiLCJhbGciOiJIUzI1NiJ9.eyJ1aWQiOiIxMDk3Njg0MTI4Mjc2OTcxNTIyIiwiaXNzIjoiZGF5YW4iLCJuYW1lIjoi5p2o5YWI55SfIiwiZXhwIjoxNTUzNjY1MDk1LCJfIjoxNTUzNDkyMjk1NDI2fQ.lpeLPgZSZyE7feLjnfad5kmD6at2ThyRw_1rcEtywSg
2019-03-25 13:39:51,812 - logger.py - INFO 开始登录前获取验证码操作,使用手机号18358331453
2019-03-25 13:39:51,934 - logger.py - INFO 获取验证码操作结果{'data': None, 'sysMark': None, 'message': '请求成功', 'code': '000000'}
2019-03-25 13:39:51,938 - logger.py - INFO 获取是否获取验证码成功:请求成功
2019-03-25 13:39:51,942 - logger.py - INFO 开始执行登录操作
2019-03-25 13:39:51,996 - logger.py - INFO 获取是否登录成功结果:请求成功
2019-03-25 13:39:52,000 - logger.py - INFO 获取登录成功之后的token:eyJ0eXAiOiJKV1QiLCJhbGciOiJIUzI1NiJ9.eyJ1aWQiOiIxMDk3Njg0MTI4Mjc2OTcxNTIyIiwiaXNzIjoiZGF5YW4iLCJuYW1lIjoi5p2o5YWI55SfIiwiZXhwIjoxNTUzNjY1MTkyLCJfIjoxNTUzNDkyMzkyMDQzfQ.0S4sgVK1HpuVgdQfxz6c8I79NI60CkcHGlyyKzFoV4w
2019-03-25 13:42:28,885 - logger.py - INFO 开始登录前获取验证码操作,使用手机号18358331453
2019-03-25 13:42:28,954 - logger.py - INFO 获取验证码操作结果{'code': '000000', 'message': '请求成功', 'sysMark': None, 'data': None}
2019-03-25 13:42:28,959 - logger.py - INFO 获取是否获取验证码成功:请求成功
2019-03-25 13:42:28,961 - logger.py - INFO 开始执行登录操作
2019-03-25 13:42:29,010 - logger.py - INFO 获取是否登录成功结果:请求成功
2019-03-25 13:42:29,014 - logger.py - INFO 获取登录成功之后的token:eyJ0eXAiOiJKV1QiLCJhbGciOiJIUzI1NiJ9.eyJ1aWQiOiIxMDk3Njg0MTI4Mjc2OTcxNTIyIiwiaXNzIjoiZGF5YW4iLCJuYW1lIjoi5p2o5YWI55SfIiwiZXhwIjoxNTUzNjY1MzQ5LCJfIjoxNTUzNDkyNTQ5MDU5fQ.XsEF2UVBZAUXJNlpTFsgiXsnNauJcgGkAaYaG-qYqDI
2019-03-25 13:44:45,315 - logger.py - INFO 开始登录前获取验证码操作,使用手机号18358331453
2019-03-25 13:44:45,437 - logger.py - INFO 获取验证码操作结果{'message': '请求成功', 'code': '000000', 'sysMark': None, 'data': None}
2019-03-25 13:44:45,440 - logger.py - INFO 获取是否获取验证码成功:请求成功
2019-03-25 13:44:45,443 - logger.py - INFO 开始执行登录操作
2019-03-25 13:44:45,502 - logger.py - INFO 获取是否登录成功结果:请求成功
2019-03-25 13:44:45,506 - logger.py - INFO 获取登录成功之后的token:eyJ0eXAiOiJKV1QiLCJhbGciOiJIUzI1NiJ9.eyJ1aWQiOiIxMDk3Njg0MTI4Mjc2OTcxNTIyIiwiaXNzIjoiZGF5YW4iLCJuYW1lIjoi5p2o5YWI55SfIiwiZXhwIjoxNTUzNjY1NDg1LCJfIjoxNTUzNDkyNjg1NTQ2fQ.ZlHiIOW3rS_83N3x5yxm5VXxa7RJv3J9RF4OPzBQ1bY
2019-03-25 13:46:26,536 - logger.py - INFO 开始登录前获取验证码操作,使用手机号18358331453
2019-03-25 13:46:26,646 - logger.py - INFO 获取验证码操作结果{'code': '000000', 'sysMark': None, 'data': None, 'message': '请求成功'}
2019-03-25 13:46:26,652 - logger.py - INFO 获取是否获取验证码成功:请求成功
2019-03-25 13:46:26,655 - logger.py - INFO 开始执行登录操作
2019-03-25 13:46:26,733 - logger.py - INFO 获取是否登录成功结果:请求成功
2019-03-25 13:46:26,736 - logger.py - INFO 获取登录成功之后的token:eyJ0eXAiOiJKV1QiLCJhbGciOiJIUzI1NiJ9.eyJ1aWQiOiIxMDk3Njg0MTI4Mjc2OTcxNTIyIiwiaXNzIjoiZGF5YW4iLCJuYW1lIjoi5p2o5YWI55SfIiwiZXhwIjoxNTUzNjY1NTg2LCJfIjoxNTUzNDkyNzg2NzcwfQ.ptl2IrGsOSPy0XXQUJg3rdoIMKiSJfpkJCoQix8M6jU
2019-03-25 14:03:00,760 - logger.py - INFO 开始登录前获取验证码操作,使用手机号18358331453
2019-03-25 14:03:00,983 - logger.py - INFO 获取验证码操作结果{'message': '请求成功', 'sysMark': None, 'code': '000000', 'data': None}
2019-03-25 14:03:00,989 - logger.py - INFO 获取是否获取验证码成功:请求成功
2019-03-25 14:03:00,993 - logger.py - INFO 开始执行登录操作
2019-03-25 14:03:01,105 - logger.py - INFO 获取是否登录成功结果:请求成功
2019-03-25 14:03:01,111 - logger.py - INFO 获取登录成功之后的token:eyJ0eXAiOiJKV1QiLCJhbGciOiJIUzI1NiJ9.eyJ1aWQiOiIxMDk3Njg0MTI4Mjc2OTcxNTIyIiwiaXNzIjoiZGF5YW4iLCJuYW1lIjoi5p2o5YWI55SfIiwiZXhwIjoxNTUzNjY2NTgxLCJfIjoxNTUzNDkzNzgxMTUxfQ.l_RMYWX1AlKMaP9iGStymXqiBj5rkpsT62pEWnWpSuk
2019-03-25 14:04:10,148 - logger.py - INFO 开始登录前获取验证码操作,使用手机号18358331453
2019-03-25 14:04:10,272 - logger.py - INFO 获取验证码操作结果{'message': '请求成功', 'sysMark': None, 'data': None, 'code': '000000'}
2019-03-25 14:04:10,275 - logger.py - INFO 获取是否获取验证码成功:请求成功
2019-03-25 14:04:10,279 - logger.py - INFO 开始执行登录操作
2019-03-25 14:04:10,369 - logger.py - INFO 获取是否登录成功结果:请求成功
2019-03-25 14:04:10,373 - logger.py - INFO 获取登录成功之后的token:eyJ0eXAiOiJKV1QiLCJhbGciOiJIUzI1NiJ9.eyJ1aWQiOiIxMDk3Njg0MTI4Mjc2OTcxNTIyIiwiaXNzIjoiZGF5YW4iLCJuYW1lIjoi5p2o5YWI55SfIiwiZXhwIjoxNTUzNjY2NjUwLCJfIjoxNTUzNDkzODUwNDAwfQ.utVF3OqbnV5xlumRuJz_8qMXIpz7cmlKP916dJ2VdJU
2019-03-25 14:06:08,552 - logger.py - INFO 开始登录前获取验证码操作,使用手机号18358331453
2019-03-25 14:06:08,628 - logger.py - INFO 获取验证码操作结果{'data': None, 'code': '000000', 'message': '请求成功', 'sysMark': None}
2019-03-25 14:06:08,632 - logger.py - INFO 获取是否获取验证码成功:请求成功
2019-03-25 14:06:08,635 - logger.py - INFO 开始执行登录操作
2019-03-25 14:06:08,709 - logger.py - INFO 获取是否登录成功结果:请求成功
2019-03-25 14:06:08,713 - logger.py - INFO 获取登录成功之后的token:eyJ0eXAiOiJKV1QiLCJhbGciOiJIUzI1NiJ9.eyJ1aWQiOiIxMDk3Njg0MTI4Mjc2OTcxNTIyIiwiaXNzIjoiZGF5YW4iLCJuYW1lIjoi5p2o5YWI55SfIiwiZXhwIjoxNTUzNjY2NzY4LCJfIjoxNTUzNDkzOTY4NzQyfQ.ssuy8snz939nw0rZ6axqo07tPjYzRByxcfnLkV92B88
2019-03-25 14:31:05,117 - logger.py - INFO 开始登录前获取验证码操作,使用手机号18358332002
2019-03-25 14:31:05,172 - logger.py - INFO 获取验证码操作结果{'sysMark': None, 'message': '请求成功', 'data': None, 'code': '000000'}
2019-03-25 14:31:05,176 - logger.py - INFO 获取是否获取验证码成功:请求成功
2019-03-25 14:31:05,179 - logger.py - INFO 开始执行登录操作
2019-03-25 14:31:05,203 - logger.py - INFO 获取是否登录成功结果:请求成功
2019-03-25 14:31:05,206 - logger.py - INFO 获取登录成功之后的token:eyJ0eXAiOiJKV1QiLCJhbGciOiJIUzI1NiJ9.eyJ1aWQiOiIxMTAzMjA4OTA4NzcwMDE3MjgyIiwiaXNzIjoiZGF5YW4iLCJuYW1lIjoi5byg5YWI55SfIiwiZXhwIjoxNTUzNjY4MjY1LCJfIjoxNTUzNDk1NDY1MjY4fQ.eouvNvAXmEhRB56vVQ66Oi5aCdbEZZQ41WOdFkMrrOE
